0 info it worked if it ends with ok
1 verbose cli [ '/usr/bin/nodejs', '/usr/bin/npm', 'install' ]
2 info using npm@1.3.10
3 info using node@v0.10.25
4 warn package.json rainbowAngular@0.0.0 No description
5 warn package.json rainbowAngular@0.0.0 No repository field.
6 warn package.json rainbowAngular@0.0.0 No README data
7 verbose readDependencies using package.json deps
8 verbose install where, deps [ '/home/ohm/Projects/rainbow-angular',
8 verbose install   [ 'gulp',
8 verbose install     'gulp-autoprefixer',
8 verbose install     'gulp-angular-templatecache',
8 verbose install     'del',
8 verbose install     'lodash',
8 verbose install     'gulp-csso',
8 verbose install     'gulp-filter',
8 verbose install     'gulp-flatten',
8 verbose install     'gulp-jshint',
8 verbose install     'gulp-load-plugins',
8 verbose install     'gulp-size',
8 verbose install     'gulp-uglify',
8 verbose install     'gulp-useref',
8 verbose install     'gulp-util',
8 verbose install     'gulp-ng-annotate',
8 verbose install     'gulp-replace',
8 verbose install     'gulp-rename',
8 verbose install     'gulp-rev',
8 verbose install     'gulp-rev-replace',
8 verbose install     'gulp-minify-html',
8 verbose install     'gulp-inject',
8 verbose install     'gulp-protractor',
8 verbose install     'gulp-sourcemaps',
8 verbose install     'gulp-stylus',
8 verbose install     'gulp-angular-filesort',
8 verbose install     'main-bower-files',
8 verbose install     'merge-stream',
8 verbose install     'jshint-stylish',
8 verbose install     'wiredep',
8 verbose install     'karma',
8 verbose install     'karma-jasmine',
8 verbose install     'karma-phantomjs-launcher',
8 verbose install     'karma-angular-filesort',
8 verbose install     'karma-ng-html2js-preprocessor',
8 verbose install     'concat-stream',
8 verbose install     'require-dir',
8 verbose install     'browser-sync',
8 verbose install     'browser-sync-spa',
8 verbose install     'http-proxy-middleware',
8 verbose install     'chalk',
8 verbose install     'uglify-save-license',
8 verbose install     'wrench' ] ]
9 info preinstall rainbowAngular@0.0.0
10 verbose readDependencies using package.json deps
11 verbose cache add [ 'gulp@~3.9.0', null ]
12 verbose cache add name=undefined spec="gulp@~3.9.0" args=["gulp@~3.9.0",null]
13 verbose parsed url { protocol: null,
13 verbose parsed url   slashes: null,
13 verbose parsed url   auth: null,
13 verbose parsed url   host: null,
13 verbose parsed url   port: null,
13 verbose parsed url   hostname: null,
13 verbose parsed url   hash: null,
13 verbose parsed url   search: null,
13 verbose parsed url   query: null,
13 verbose parsed url   pathname: 'gulp@~3.9.0',
13 verbose parsed url   path: 'gulp@~3.9.0',
13 verbose parsed url   href: 'gulp@~3.9.0' }
14 verbose cache add name="gulp" spec="~3.9.0" args=["gulp","~3.9.0"]
15 verbose parsed url { protocol: null,
15 verbose parsed url   slashes: null,
15 verbose parsed url   auth: null,
15 verbose parsed url   host: null,
15 verbose parsed url   port: null,
15 verbose parsed url   hostname: null,
15 verbose parsed url   hash: null,
15 verbose parsed url   search: null,
15 verbose parsed url   query: null,
15 verbose parsed url   pathname: '~3.9.0',
15 verbose parsed url   path: '~3.9.0',
15 verbose parsed url   href: '~3.9.0' }
16 verbose addNamed [ 'gulp', '~3.9.0' ]
17 verbose addNamed [ null, '>=3.9.0-0 <3.10.0-0' ]
18 verbose cache add [ 'gulp-autoprefixer@~2.3.1', null ]
19 verbose cache add name=undefined spec="gulp-autoprefixer@~2.3.1" args=["gulp-autoprefixer@~2.3.1",null]
20 verbose parsed url { protocol: null,
20 verbose parsed url   slashes: null,
20 verbose parsed url   auth: null,
20 verbose parsed url   host: null,
20 verbose parsed url   port: null,
20 verbose parsed url   hostname: null,
20 verbose parsed url   hash: null,
20 verbose parsed url   search: null,
20 verbose parsed url   query: null,
20 verbose parsed url   pathname: 'gulp-autoprefixer@~2.3.1',
20 verbose parsed url   path: 'gulp-autoprefixer@~2.3.1',
20 verbose parsed url   href: 'gulp-autoprefixer@~2.3.1' }
21 verbose cache add name="gulp-autoprefixer" spec="~2.3.1" args=["gulp-autoprefixer","~2.3.1"]
22 verbose parsed url { protocol: null,
22 verbose parsed url   slashes: null,
22 verbose parsed url   auth: null,
22 verbose parsed url   host: null,
22 verbose parsed url   port: null,
22 verbose parsed url   hostname: null,
22 verbose parsed url   hash: null,
22 verbose parsed url   search: null,
22 verbose parsed url   query: null,
22 verbose parsed url   pathname: '~2.3.1',
22 verbose parsed url   path: '~2.3.1',
22 verbose parsed url   href: '~2.3.1' }
23 verbose addNamed [ 'gulp-autoprefixer', '~2.3.1' ]
24 verbose addNamed [ null, '>=2.3.1-0 <2.4.0-0' ]
25 silly lockFile 422f99fe-gulp-3-9-0 gulp@~3.9.0
26 verbose lock gulp@~3.9.0 /home/ohm/.npm/422f99fe-gulp-3-9-0.lock
27 verbose cache add [ 'lodash@~3.9.3', null ]
28 verbose cache add name=undefined spec="lodash@~3.9.3" args=["lodash@~3.9.3",null]
29 verbose parsed url { protocol: null,
29 verbose parsed url   slashes: null,
29 verbose parsed url   auth: null,
29 verbose parsed url   host: null,
29 verbose parsed url   port: null,
29 verbose parsed url   hostname: null,
29 verbose parsed url   hash: null,
29 verbose parsed url   search: null,
29 verbose parsed url   query: null,
29 verbose parsed url   pathname: 'lodash@~3.9.3',
29 verbose parsed url   path: 'lodash@~3.9.3',
29 verbose parsed url   href: 'lodash@~3.9.3' }
30 verbose cache add name="lodash" spec="~3.9.3" args=["lodash","~3.9.3"]
31 verbose parsed url { protocol: null,
31 verbose parsed url   slashes: null,
31 verbose parsed url   auth: null,
31 verbose parsed url   host: null,
31 verbose parsed url   port: null,
31 verbose parsed url   hostname: null,
31 verbose parsed url   hash: null,
31 verbose parsed url   search: null,
31 verbose parsed url   query: null,
31 verbose parsed url   pathname: '~3.9.3',
31 verbose parsed url   path: '~3.9.3',
31 verbose parsed url   href: '~3.9.3' }
32 verbose addNamed [ 'lodash', '~3.9.3' ]
33 verbose addNamed [ null, '>=3.9.3-0 <3.10.0-0' ]
34 silly lockFile 046eb53a-lodash-3-9-3 lodash@~3.9.3
35 verbose lock lodash@~3.9.3 /home/ohm/.npm/046eb53a-lodash-3-9-3.lock
36 verbose cache add [ 'gulp-angular-templatecache@~1.6.0', null ]
37 verbose cache add name=undefined spec="gulp-angular-templatecache@~1.6.0" args=["gulp-angular-templatecache@~1.6.0",null]
38 verbose parsed url { protocol: null,
38 verbose parsed url   slashes: null,
38 verbose parsed url   auth: null,
38 verbose parsed url   host: null,
38 verbose parsed url   port: null,
38 verbose parsed url   hostname: null,
38 verbose parsed url   hash: null,
38 verbose parsed url   search: null,
38 verbose parsed url   query: null,
38 verbose parsed url   pathname: 'gulp-angular-templatecache@~1.6.0',
38 verbose parsed url   path: 'gulp-angular-templatecache@~1.6.0',
38 verbose parsed url   href: 'gulp-angular-templatecache@~1.6.0' }
39 verbose cache add name="gulp-angular-templatecache" spec="~1.6.0" args=["gulp-angular-templatecache","~1.6.0"]
40 verbose parsed url { protocol: null,
40 verbose parsed url   slashes: null,
40 verbose parsed url   auth: null,
40 verbose parsed url   host: null,
40 verbose parsed url   port: null,
40 verbose parsed url   hostname: null,
40 verbose parsed url   hash: null,
40 verbose parsed url   search: null,
40 verbose parsed url   query: null,
40 verbose parsed url   pathname: '~1.6.0',
40 verbose parsed url   path: '~1.6.0',
40 verbose parsed url   href: '~1.6.0' }
41 verbose addNamed [ 'gulp-angular-templatecache', '~1.6.0' ]
42 verbose addNamed [ null, '>=1.6.0-0 <1.7.0-0' ]
43 silly lockFile 23418bcf-gulp-angular-templatecache-1-6-0 gulp-angular-templatecache@~1.6.0
44 verbose lock gulp-angular-templatecache@~1.6.0 /home/ohm/.npm/23418bcf-gulp-angular-templatecache-1-6-0.lock
45 verbose cache add [ 'del@~1.2.0', null ]
46 verbose cache add name=undefined spec="del@~1.2.0" args=["del@~1.2.0",null]
47 verbose parsed url { protocol: null,
47 verbose parsed url   slashes: null,
47 verbose parsed url   auth: null,
47 verbose parsed url   host: null,
47 verbose parsed url   port: null,
47 verbose parsed url   hostname: null,
47 verbose parsed url   hash: null,
47 verbose parsed url   search: null,
47 verbose parsed url   query: null,
47 verbose parsed url   pathname: 'del@~1.2.0',
47 verbose parsed url   path: 'del@~1.2.0',
47 verbose parsed url   href: 'del@~1.2.0' }
48 verbose cache add name="del" spec="~1.2.0" args=["del","~1.2.0"]
49 verbose parsed url { protocol: null,
49 verbose parsed url   slashes: null,
49 verbose parsed url   auth: null,
49 verbose parsed url   host: null,
49 verbose parsed url   port: null,
49 verbose parsed url   hostname: null,
49 verbose parsed url   hash: null,
49 verbose parsed url   search: null,
49 verbose parsed url   query: null,
49 verbose parsed url   pathname: '~1.2.0',
49 verbose parsed url   path: '~1.2.0',
49 verbose parsed url   href: '~1.2.0' }
50 verbose addNamed [ 'del', '~1.2.0' ]
51 verbose addNamed [ null, '>=1.2.0-0 <1.3.0-0' ]
52 silly lockFile 7a32c9b6-del-1-2-0 del@~1.2.0
53 verbose lock del@~1.2.0 /home/ohm/.npm/7a32c9b6-del-1-2-0.lock
54 verbose cache add [ 'gulp-csso@~1.0.0', null ]
55 verbose cache add name=undefined spec="gulp-csso@~1.0.0" args=["gulp-csso@~1.0.0",null]
56 verbose parsed url { protocol: null,
56 verbose parsed url   slashes: null,
56 verbose parsed url   auth: null,
56 verbose parsed url   host: null,
56 verbose parsed url   port: null,
56 verbose parsed url   hostname: null,
56 verbose parsed url   hash: null,
56 verbose parsed url   search: null,
56 verbose parsed url   query: null,
56 verbose parsed url   pathname: 'gulp-csso@~1.0.0',
56 verbose parsed url   path: 'gulp-csso@~1.0.0',
56 verbose parsed url   href: 'gulp-csso@~1.0.0' }
57 verbose cache add name="gulp-csso" spec="~1.0.0" args=["gulp-csso","~1.0.0"]
58 verbose parsed url { protocol: null,
58 verbose parsed url   slashes: null,
58 verbose parsed url   auth: null,
58 verbose parsed url   host: null,
58 verbose parsed url   port: null,
58 verbose parsed url   hostname: null,
58 verbose parsed url   hash: null,
58 verbose parsed url   search: null,
58 verbose parsed url   query: null,
58 verbose parsed url   pathname: '~1.0.0',
58 verbose parsed url   path: '~1.0.0',
58 verbose parsed url   href: '~1.0.0' }
59 verbose addNamed [ 'gulp-csso', '~1.0.0' ]
60 verbose addNamed [ null, '>=1.0.0-0 <1.1.0-0' ]
61 silly lockFile 5324d533-gulp-csso-1-0-0 gulp-csso@~1.0.0
62 verbose lock gulp-csso@~1.0.0 /home/ohm/.npm/5324d533-gulp-csso-1-0-0.lock
63 verbose cache add [ 'gulp-filter@~2.0.2', null ]
64 verbose cache add name=undefined spec="gulp-filter@~2.0.2" args=["gulp-filter@~2.0.2",null]
65 verbose parsed url { protocol: null,
65 verbose parsed url   slashes: null,
65 verbose parsed url   auth: null,
65 verbose parsed url   host: null,
65 verbose parsed url   port: null,
65 verbose parsed url   hostname: null,
65 verbose parsed url   hash: null,
65 verbose parsed url   search: null,
65 verbose parsed url   query: null,
65 verbose parsed url   pathname: 'gulp-filter@~2.0.2',
65 verbose parsed url   path: 'gulp-filter@~2.0.2',
65 verbose parsed url   href: 'gulp-filter@~2.0.2' }
66 verbose cache add name="gulp-filter" spec="~2.0.2" args=["gulp-filter","~2.0.2"]
67 verbose parsed url { protocol: null,
67 verbose parsed url   slashes: null,
67 verbose parsed url   auth: null,
67 verbose parsed url   host: null,
67 verbose parsed url   port: null,
67 verbose parsed url   hostname: null,
67 verbose parsed url   hash: null,
67 verbose parsed url   search: null,
67 verbose parsed url   query: null,
67 verbose parsed url   pathname: '~2.0.2',
67 verbose parsed url   path: '~2.0.2',
67 verbose parsed url   href: '~2.0.2' }
68 verbose addNamed [ 'gulp-filter', '~2.0.2' ]
69 verbose addNamed [ null, '>=2.0.2-0 <2.1.0-0' ]
70 silly lockFile 8e93de94-gulp-filter-2-0-2 gulp-filter@~2.0.2
71 verbose lock gulp-filter@~2.0.2 /home/ohm/.npm/8e93de94-gulp-filter-2-0-2.lock
72 verbose cache add [ 'gulp-flatten@~0.0.4', null ]
73 verbose cache add name=undefined spec="gulp-flatten@~0.0.4" args=["gulp-flatten@~0.0.4",null]
74 verbose parsed url { protocol: null,
74 verbose parsed url   slashes: null,
74 verbose parsed url   auth: null,
74 verbose parsed url   host: null,
74 verbose parsed url   port: null,
74 verbose parsed url   hostname: null,
74 verbose parsed url   hash: null,
74 verbose parsed url   search: null,
74 verbose parsed url   query: null,
74 verbose parsed url   pathname: 'gulp-flatten@~0.0.4',
74 verbose parsed url   path: 'gulp-flatten@~0.0.4',
74 verbose parsed url   href: 'gulp-flatten@~0.0.4' }
75 verbose cache add name="gulp-flatten" spec="~0.0.4" args=["gulp-flatten","~0.0.4"]
76 verbose parsed url { protocol: null,
76 verbose parsed url   slashes: null,
76 verbose parsed url   auth: null,
76 verbose parsed url   host: null,
76 verbose parsed url   port: null,
76 verbose parsed url   hostname: null,
76 verbose parsed url   hash: null,
76 verbose parsed url   search: null,
76 verbose parsed url   query: null,
76 verbose parsed url   pathname: '~0.0.4',
76 verbose parsed url   path: '~0.0.4',
76 verbose parsed url   href: '~0.0.4' }
77 verbose addNamed [ 'gulp-flatten', '~0.0.4' ]
78 verbose addNamed [ null, '>=0.0.4-0 <0.1.0-0' ]
79 silly lockFile 16364d06-gulp-flatten-0-0-4 gulp-flatten@~0.0.4
80 verbose lock gulp-flatten@~0.0.4 /home/ohm/.npm/16364d06-gulp-flatten-0-0-4.lock
81 verbose cache add [ 'gulp-jshint@~1.11.0', null ]
82 verbose cache add name=undefined spec="gulp-jshint@~1.11.0" args=["gulp-jshint@~1.11.0",null]
83 verbose parsed url { protocol: null,
83 verbose parsed url   slashes: null,
83 verbose parsed url   auth: null,
83 verbose parsed url   host: null,
83 verbose parsed url   port: null,
83 verbose parsed url   hostname: null,
83 verbose parsed url   hash: null,
83 verbose parsed url   search: null,
83 verbose parsed url   query: null,
83 verbose parsed url   pathname: 'gulp-jshint@~1.11.0',
83 verbose parsed url   path: 'gulp-jshint@~1.11.0',
83 verbose parsed url   href: 'gulp-jshint@~1.11.0' }
84 verbose cache add name="gulp-jshint" spec="~1.11.0" args=["gulp-jshint","~1.11.0"]
85 verbose parsed url { protocol: null,
85 verbose parsed url   slashes: null,
85 verbose parsed url   auth: null,
85 verbose parsed url   host: null,
85 verbose parsed url   port: null,
85 verbose parsed url   hostname: null,
85 verbose parsed url   hash: null,
85 verbose parsed url   search: null,
85 verbose parsed url   query: null,
85 verbose parsed url   pathname: '~1.11.0',
85 verbose parsed url   path: '~1.11.0',
85 verbose parsed url   href: '~1.11.0' }
86 verbose addNamed [ 'gulp-jshint', '~1.11.0' ]
87 verbose addNamed [ null, '>=1.11.0-0 <1.12.0-0' ]
88 silly lockFile b353ee95-gulp-jshint-1-11-0 gulp-jshint@~1.11.0
89 verbose lock gulp-jshint@~1.11.0 /home/ohm/.npm/b353ee95-gulp-jshint-1-11-0.lock
90 silly lockFile ba36bca8-gulp-autoprefixer-2-3-1 gulp-autoprefixer@~2.3.1
91 verbose lock gulp-autoprefixer@~2.3.1 /home/ohm/.npm/ba36bca8-gulp-autoprefixer-2-3-1.lock
92 verbose cache add [ 'gulp-load-plugins@~0.10.0', null ]
93 verbose cache add name=undefined spec="gulp-load-plugins@~0.10.0" args=["gulp-load-plugins@~0.10.0",null]
94 verbose parsed url { protocol: null,
94 verbose parsed url   slashes: null,
94 verbose parsed url   auth: null,
94 verbose parsed url   host: null,
94 verbose parsed url   port: null,
94 verbose parsed url   hostname: null,
94 verbose parsed url   hash: null,
94 verbose parsed url   search: null,
94 verbose parsed url   query: null,
94 verbose parsed url   pathname: 'gulp-load-plugins@~0.10.0',
94 verbose parsed url   path: 'gulp-load-plugins@~0.10.0',
94 verbose parsed url   href: 'gulp-load-plugins@~0.10.0' }
95 verbose cache add name="gulp-load-plugins" spec="~0.10.0" args=["gulp-load-plugins","~0.10.0"]
96 verbose parsed url { protocol: null,
96 verbose parsed url   slashes: null,
96 verbose parsed url   auth: null,
96 verbose parsed url   host: null,
96 verbose parsed url   port: null,
96 verbose parsed url   hostname: null,
96 verbose parsed url   hash: null,
96 verbose parsed url   search: null,
96 verbose parsed url   query: null,
96 verbose parsed url   pathname: '~0.10.0',
96 verbose parsed url   path: '~0.10.0',
96 verbose parsed url   href: '~0.10.0' }
97 verbose addNamed [ 'gulp-load-plugins', '~0.10.0' ]
98 verbose addNamed [ null, '>=0.10.0-0 <0.11.0-0' ]
99 silly lockFile 5982b8a0-gulp-load-plugins-0-10-0 gulp-load-plugins@~0.10.0
100 verbose lock gulp-load-plugins@~0.10.0 /home/ohm/.npm/5982b8a0-gulp-load-plugins-0-10-0.lock
101 verbose cache add [ 'gulp-size@~1.2.1', null ]
102 verbose cache add name=undefined spec="gulp-size@~1.2.1" args=["gulp-size@~1.2.1",null]
103 verbose parsed url { protocol: null,
103 verbose parsed url   slashes: null,
103 verbose parsed url   auth: null,
103 verbose parsed url   host: null,
103 verbose parsed url   port: null,
103 verbose parsed url   hostname: null,
103 verbose parsed url   hash: null,
103 verbose parsed url   search: null,
103 verbose parsed url   query: null,
103 verbose parsed url   pathname: 'gulp-size@~1.2.1',
103 verbose parsed url   path: 'gulp-size@~1.2.1',
103 verbose parsed url   href: 'gulp-size@~1.2.1' }
104 verbose cache add name="gulp-size" spec="~1.2.1" args=["gulp-size","~1.2.1"]
105 verbose parsed url { protocol: null,
105 verbose parsed url   slashes: null,
105 verbose parsed url   auth: null,
105 verbose parsed url   host: null,
105 verbose parsed url   port: null,
105 verbose parsed url   hostname: null,
105 verbose parsed url   hash: null,
105 verbose parsed url   search: null,
105 verbose parsed url   query: null,
105 verbose parsed url   pathname: '~1.2.1',
105 verbose parsed url   path: '~1.2.1',
105 verbose parsed url   href: '~1.2.1' }
106 verbose addNamed [ 'gulp-size', '~1.2.1' ]
107 verbose addNamed [ null, '>=1.2.1-0 <1.3.0-0' ]
108 silly lockFile 10905699-gulp-size-1-2-1 gulp-size@~1.2.1
109 verbose lock gulp-size@~1.2.1 /home/ohm/.npm/10905699-gulp-size-1-2-1.lock
110 verbose cache add [ 'gulp-uglify@~1.2.0', null ]
111 verbose cache add name=undefined spec="gulp-uglify@~1.2.0" args=["gulp-uglify@~1.2.0",null]
112 verbose parsed url { protocol: null,
112 verbose parsed url   slashes: null,
112 verbose parsed url   auth: null,
112 verbose parsed url   host: null,
112 verbose parsed url   port: null,
112 verbose parsed url   hostname: null,
112 verbose parsed url   hash: null,
112 verbose parsed url   search: null,
112 verbose parsed url   query: null,
112 verbose parsed url   pathname: 'gulp-uglify@~1.2.0',
112 verbose parsed url   path: 'gulp-uglify@~1.2.0',
112 verbose parsed url   href: 'gulp-uglify@~1.2.0' }
113 verbose cache add name="gulp-uglify" spec="~1.2.0" args=["gulp-uglify","~1.2.0"]
114 verbose parsed url { protocol: null,
114 verbose parsed url   slashes: null,
114 verbose parsed url   auth: null,
114 verbose parsed url   host: null,
114 verbose parsed url   port: null,
114 verbose parsed url   hostname: null,
114 verbose parsed url   hash: null,
114 verbose parsed url   search: null,
114 verbose parsed url   query: null,
114 verbose parsed url   pathname: '~1.2.0',
114 verbose parsed url   path: '~1.2.0',
114 verbose parsed url   href: '~1.2.0' }
115 verbose addNamed [ 'gulp-uglify', '~1.2.0' ]
116 verbose addNamed [ null, '>=1.2.0-0 <1.3.0-0' ]
117 silly lockFile 1b73929d-gulp-uglify-1-2-0 gulp-uglify@~1.2.0
118 verbose lock gulp-uglify@~1.2.0 /home/ohm/.npm/1b73929d-gulp-uglify-1-2-0.lock
119 verbose cache add [ 'gulp-useref@~1.2.0', null ]
120 verbose cache add name=undefined spec="gulp-useref@~1.2.0" args=["gulp-useref@~1.2.0",null]
121 verbose parsed url { protocol: null,
121 verbose parsed url   slashes: null,
121 verbose parsed url   auth: null,
121 verbose parsed url   host: null,
121 verbose parsed url   port: null,
121 verbose parsed url   hostname: null,
121 verbose parsed url   hash: null,
121 verbose parsed url   search: null,
121 verbose parsed url   query: null,
121 verbose parsed url   pathname: 'gulp-useref@~1.2.0',
121 verbose parsed url   path: 'gulp-useref@~1.2.0',
121 verbose parsed url   href: 'gulp-useref@~1.2.0' }
122 verbose cache add name="gulp-useref" spec="~1.2.0" args=["gulp-useref","~1.2.0"]
123 verbose parsed url { protocol: null,
123 verbose parsed url   slashes: null,
123 verbose parsed url   auth: null,
123 verbose parsed url   host: null,
123 verbose parsed url   port: null,
123 verbose parsed url   hostname: null,
123 verbose parsed url   hash: null,
123 verbose parsed url   search: null,
123 verbose parsed url   query: null,
123 verbose parsed url   pathname: '~1.2.0',
123 verbose parsed url   path: '~1.2.0',
123 verbose parsed url   href: '~1.2.0' }
124 verbose addNamed [ 'gulp-useref', '~1.2.0' ]
125 verbose addNamed [ null, '>=1.2.0-0 <1.3.0-0' ]
126 silly lockFile 7f7b9d7e-gulp-useref-1-2-0 gulp-useref@~1.2.0
127 verbose lock gulp-useref@~1.2.0 /home/ohm/.npm/7f7b9d7e-gulp-useref-1-2-0.lock
128 verbose cache add [ 'gulp-util@~3.0.5', null ]
129 verbose cache add name=undefined spec="gulp-util@~3.0.5" args=["gulp-util@~3.0.5",null]
130 verbose parsed url { protocol: null,
130 verbose parsed url   slashes: null,
130 verbose parsed url   auth: null,
130 verbose parsed url   host: null,
130 verbose parsed url   port: null,
130 verbose parsed url   hostname: null,
130 verbose parsed url   hash: null,
130 verbose parsed url   search: null,
130 verbose parsed url   query: null,
130 verbose parsed url   pathname: 'gulp-util@~3.0.5',
130 verbose parsed url   path: 'gulp-util@~3.0.5',
130 verbose parsed url   href: 'gulp-util@~3.0.5' }
131 verbose cache add name="gulp-util" spec="~3.0.5" args=["gulp-util","~3.0.5"]
132 verbose parsed url { protocol: null,
132 verbose parsed url   slashes: null,
132 verbose parsed url   auth: null,
132 verbose parsed url   host: null,
132 verbose parsed url   port: null,
132 verbose parsed url   hostname: null,
132 verbose parsed url   hash: null,
132 verbose parsed url   search: null,
132 verbose parsed url   query: null,
132 verbose parsed url   pathname: '~3.0.5',
132 verbose parsed url   path: '~3.0.5',
132 verbose parsed url   href: '~3.0.5' }
133 verbose addNamed [ 'gulp-util', '~3.0.5' ]
134 verbose addNamed [ null, '>=3.0.5-0 <3.1.0-0' ]
135 silly lockFile 91c370b0-gulp-util-3-0-5 gulp-util@~3.0.5
136 verbose lock gulp-util@~3.0.5 /home/ohm/.npm/91c370b0-gulp-util-3-0-5.lock
137 verbose cache add [ 'gulp-ng-annotate@~1.0.0', null ]
138 verbose cache add name=undefined spec="gulp-ng-annotate@~1.0.0" args=["gulp-ng-annotate@~1.0.0",null]
139 verbose parsed url { protocol: null,
139 verbose parsed url   slashes: null,
139 verbose parsed url   auth: null,
139 verbose parsed url   host: null,
139 verbose parsed url   port: null,
139 verbose parsed url   hostname: null,
139 verbose parsed url   hash: null,
139 verbose parsed url   search: null,
139 verbose parsed url   query: null,
139 verbose parsed url   pathname: 'gulp-ng-annotate@~1.0.0',
139 verbose parsed url   path: 'gulp-ng-annotate@~1.0.0',
139 verbose parsed url   href: 'gulp-ng-annotate@~1.0.0' }
140 verbose cache add name="gulp-ng-annotate" spec="~1.0.0" args=["gulp-ng-annotate","~1.0.0"]
141 verbose parsed url { protocol: null,
141 verbose parsed url   slashes: null,
141 verbose parsed url   auth: null,
141 verbose parsed url   host: null,
141 verbose parsed url   port: null,
141 verbose parsed url   hostname: null,
141 verbose parsed url   hash: null,
141 verbose parsed url   search: null,
141 verbose parsed url   query: null,
141 verbose parsed url   pathname: '~1.0.0',
141 verbose parsed url   path: '~1.0.0',
141 verbose parsed url   href: '~1.0.0' }
142 verbose addNamed [ 'gulp-ng-annotate', '~1.0.0' ]
143 verbose addNamed [ null, '>=1.0.0-0 <1.1.0-0' ]
144 silly lockFile d668c884-gulp-ng-annotate-1-0-0 gulp-ng-annotate@~1.0.0
145 verbose lock gulp-ng-annotate@~1.0.0 /home/ohm/.npm/d668c884-gulp-ng-annotate-1-0-0.lock
146 verbose cache add [ 'gulp-replace@~0.5.3', null ]
147 verbose cache add name=undefined spec="gulp-replace@~0.5.3" args=["gulp-replace@~0.5.3",null]
148 verbose parsed url { protocol: null,
148 verbose parsed url   slashes: null,
148 verbose parsed url   auth: null,
148 verbose parsed url   host: null,
148 verbose parsed url   port: null,
148 verbose parsed url   hostname: null,
148 verbose parsed url   hash: null,
148 verbose parsed url   search: null,
148 verbose parsed url   query: null,
148 verbose parsed url   pathname: 'gulp-replace@~0.5.3',
148 verbose parsed url   path: 'gulp-replace@~0.5.3',
148 verbose parsed url   href: 'gulp-replace@~0.5.3' }
149 verbose cache add name="gulp-replace" spec="~0.5.3" args=["gulp-replace","~0.5.3"]
150 verbose parsed url { protocol: null,
150 verbose parsed url   slashes: null,
150 verbose parsed url   auth: null,
150 verbose parsed url   host: null,
150 verbose parsed url   port: null,
150 verbose parsed url   hostname: null,
150 verbose parsed url   hash: null,
150 verbose parsed url   search: null,
150 verbose parsed url   query: null,
150 verbose parsed url   pathname: '~0.5.3',
150 verbose parsed url   path: '~0.5.3',
150 verbose parsed url   href: '~0.5.3' }
151 verbose addNamed [ 'gulp-replace', '~0.5.3' ]
152 verbose addNamed [ null, '>=0.5.3-0 <0.6.0-0' ]
153 silly lockFile da9acdb1-gulp-replace-0-5-3 gulp-replace@~0.5.3
154 verbose lock gulp-replace@~0.5.3 /home/ohm/.npm/da9acdb1-gulp-replace-0-5-3.lock
155 silly addNameRange { name: 'gulp', range: '>=3.9.0-0 <3.10.0-0', hasData: false }
156 silly addNameRange { name: 'lodash', range: '>=3.9.3-0 <3.10.0-0', hasData: false }
157 silly addNameRange { name: 'gulp-angular-templatecache',
157 silly addNameRange   range: '>=1.6.0-0 <1.7.0-0',
157 silly addNameRange   hasData: false }
158 silly addNameRange { name: 'del', range: '>=1.2.0-0 <1.3.0-0', hasData: false }
159 silly addNameRange { name: 'gulp-csso',
159 silly addNameRange   range: '>=1.0.0-0 <1.1.0-0',
159 silly addNameRange   hasData: false }
160 silly addNameRange { name: 'gulp-filter',
160 silly addNameRange   range: '>=2.0.2-0 <2.1.0-0',
160 silly addNameRange   hasData: false }
161 silly addNameRange { name: 'gulp-flatten',
161 silly addNameRange   range: '>=0.0.4-0 <0.1.0-0',
161 silly addNameRange   hasData: false }
162 verbose cache add [ 'gulp-rename@~1.2.2', null ]
163 verbose cache add name=undefined spec="gulp-rename@~1.2.2" args=["gulp-rename@~1.2.2",null]
164 verbose parsed url { protocol: null,
164 verbose parsed url   slashes: null,
164 verbose parsed url   auth: null,
164 verbose parsed url   host: null,
164 verbose parsed url   port: null,
164 verbose parsed url   hostname: null,
164 verbose parsed url   hash: null,
164 verbose parsed url   search: null,
164 verbose parsed url   query: null,
164 verbose parsed url   pathname: 'gulp-rename@~1.2.2',
164 verbose parsed url   path: 'gulp-rename@~1.2.2',
164 verbose parsed url   href: 'gulp-rename@~1.2.2' }
165 verbose cache add name="gulp-rename" spec="~1.2.2" args=["gulp-rename","~1.2.2"]
166 verbose parsed url { protocol: null,
166 verbose parsed url   slashes: null,
166 verbose parsed url   auth: null,
166 verbose parsed url   host: null,
166 verbose parsed url   port: null,
166 verbose parsed url   hostname: null,
166 verbose parsed url   hash: null,
166 verbose parsed url   search: null,
166 verbose parsed url   query: null,
166 verbose parsed url   pathname: '~1.2.2',
166 verbose parsed url   path: '~1.2.2',
166 verbose parsed url   href: '~1.2.2' }
167 verbose addNamed [ 'gulp-rename', '~1.2.2' ]
168 verbose addNamed [ null, '>=1.2.2-0 <1.3.0-0' ]
169 silly lockFile 9d08b251-gulp-rename-1-2-2 gulp-rename@~1.2.2
170 verbose lock gulp-rename@~1.2.2 /home/ohm/.npm/9d08b251-gulp-rename-1-2-2.lock
171 verbose cache add [ 'gulp-rev@~5.0.0', null ]
172 verbose cache add name=undefined spec="gulp-rev@~5.0.0" args=["gulp-rev@~5.0.0",null]
173 verbose parsed url { protocol: null,
173 verbose parsed url   slashes: null,
173 verbose parsed url   auth: null,
173 verbose parsed url   host: null,
173 verbose parsed url   port: null,
173 verbose parsed url   hostname: null,
173 verbose parsed url   hash: null,
173 verbose parsed url   search: null,
173 verbose parsed url   query: null,
173 verbose parsed url   pathname: 'gulp-rev@~5.0.0',
173 verbose parsed url   path: 'gulp-rev@~5.0.0',
173 verbose parsed url   href: 'gulp-rev@~5.0.0' }
174 verbose cache add name="gulp-rev" spec="~5.0.0" args=["gulp-rev","~5.0.0"]
175 verbose parsed url { protocol: null,
175 verbose parsed url   slashes: null,
175 verbose parsed url   auth: null,
175 verbose parsed url   host: null,
175 verbose parsed url   port: null,
175 verbose parsed url   hostname: null,
175 verbose parsed url   hash: null,
175 verbose parsed url   search: null,
175 verbose parsed url   query: null,
175 verbose parsed url   pathname: '~5.0.0',
175 verbose parsed url   path: '~5.0.0',
175 verbose parsed url   href: '~5.0.0' }
176 verbose addNamed [ 'gulp-rev', '~5.0.0' ]
177 verbose addNamed [ null, '>=5.0.0-0 <5.1.0-0' ]
178 silly lockFile 976bbbb8-gulp-rev-5-0-0 gulp-rev@~5.0.0
179 verbose lock gulp-rev@~5.0.0 /home/ohm/.npm/976bbbb8-gulp-rev-5-0-0.lock
180 verbose cache add [ 'gulp-rev-replace@~0.4.2', null ]
181 verbose cache add name=undefined spec="gulp-rev-replace@~0.4.2" args=["gulp-rev-replace@~0.4.2",null]
182 verbose parsed url { protocol: null,
182 verbose parsed url   slashes: null,
182 verbose parsed url   auth: null,
182 verbose parsed url   host: null,
182 verbose parsed url   port: null,
182 verbose parsed url   hostname: null,
182 verbose parsed url   hash: null,
182 verbose parsed url   search: null,
182 verbose parsed url   query: null,
182 verbose parsed url   pathname: 'gulp-rev-replace@~0.4.2',
182 verbose parsed url   path: 'gulp-rev-replace@~0.4.2',
182 verbose parsed url   href: 'gulp-rev-replace@~0.4.2' }
183 verbose cache add name="gulp-rev-replace" spec="~0.4.2" args=["gulp-rev-replace","~0.4.2"]
184 verbose parsed url { protocol: null,
184 verbose parsed url   slashes: null,
184 verbose parsed url   auth: null,
184 verbose parsed url   host: null,
184 verbose parsed url   port: null,
184 verbose parsed url   hostname: null,
184 verbose parsed url   hash: null,
184 verbose parsed url   search: null,
184 verbose parsed url   query: null,
184 verbose parsed url   pathname: '~0.4.2',
184 verbose parsed url   path: '~0.4.2',
184 verbose parsed url   href: '~0.4.2' }
185 verbose addNamed [ 'gulp-rev-replace', '~0.4.2' ]
186 verbose addNamed [ null, '>=0.4.2-0 <0.5.0-0' ]
187 silly lockFile 7ccf63d9-gulp-rev-replace-0-4-2 gulp-rev-replace@~0.4.2
188 verbose lock gulp-rev-replace@~0.4.2 /home/ohm/.npm/7ccf63d9-gulp-rev-replace-0-4-2.lock
189 verbose cache add [ 'gulp-minify-html@~1.0.3', null ]
190 verbose cache add name=undefined spec="gulp-minify-html@~1.0.3" args=["gulp-minify-html@~1.0.3",null]
191 verbose parsed url { protocol: null,
191 verbose parsed url   slashes: null,
191 verbose parsed url   auth: null,
191 verbose parsed url   host: null,
191 verbose parsed url   port: null,
191 verbose parsed url   hostname: null,
191 verbose parsed url   hash: null,
191 verbose parsed url   search: null,
191 verbose parsed url   query: null,
191 verbose parsed url   pathname: 'gulp-minify-html@~1.0.3',
191 verbose parsed url   path: 'gulp-minify-html@~1.0.3',
191 verbose parsed url   href: 'gulp-minify-html@~1.0.3' }
192 verbose cache add name="gulp-minify-html" spec="~1.0.3" args=["gulp-minify-html","~1.0.3"]
193 verbose parsed url { protocol: null,
193 verbose parsed url   slashes: null,
193 verbose parsed url   auth: null,
193 verbose parsed url   host: null,
193 verbose parsed url   port: null,
193 verbose parsed url   hostname: null,
193 verbose parsed url   hash: null,
193 verbose parsed url   search: null,
193 verbose parsed url   query: null,
193 verbose parsed url   pathname: '~1.0.3',
193 verbose parsed url   path: '~1.0.3',
193 verbose parsed url   href: '~1.0.3' }
194 verbose addNamed [ 'gulp-minify-html', '~1.0.3' ]
195 verbose addNamed [ null, '>=1.0.3-0 <1.1.0-0' ]
196 silly lockFile 68229171-gulp-minify-html-1-0-3 gulp-minify-html@~1.0.3
197 verbose lock gulp-minify-html@~1.0.3 /home/ohm/.npm/68229171-gulp-minify-html-1-0-3.lock
198 verbose cache add [ 'gulp-inject@~1.3.1', null ]
199 verbose cache add name=undefined spec="gulp-inject@~1.3.1" args=["gulp-inject@~1.3.1",null]
200 verbose parsed url { protocol: null,
200 verbose parsed url   slashes: null,
200 verbose parsed url   auth: null,
200 verbose parsed url   host: null,
200 verbose parsed url   port: null,
200 verbose parsed url   hostname: null,
200 verbose parsed url   hash: null,
200 verbose parsed url   search: null,
200 verbose parsed url   query: null,
200 verbose parsed url   pathname: 'gulp-inject@~1.3.1',
200 verbose parsed url   path: 'gulp-inject@~1.3.1',
200 verbose parsed url   href: 'gulp-inject@~1.3.1' }
201 verbose cache add name="gulp-inject" spec="~1.3.1" args=["gulp-inject","~1.3.1"]
202 verbose parsed url { protocol: null,
202 verbose parsed url   slashes: null,
202 verbose parsed url   auth: null,
202 verbose parsed url   host: null,
202 verbose parsed url   port: null,
202 verbose parsed url   hostname: null,
202 verbose parsed url   hash: null,
202 verbose parsed url   search: null,
202 verbose parsed url   query: null,
202 verbose parsed url   pathname: '~1.3.1',
202 verbose parsed url   path: '~1.3.1',
202 verbose parsed url   href: '~1.3.1' }
203 verbose addNamed [ 'gulp-inject', '~1.3.1' ]
204 verbose addNamed [ null, '>=1.3.1-0 <1.4.0-0' ]
205 silly lockFile 44e8ca8c-gulp-inject-1-3-1 gulp-inject@~1.3.1
206 verbose lock gulp-inject@~1.3.1 /home/ohm/.npm/44e8ca8c-gulp-inject-1-3-1.lock
207 verbose cache add [ 'gulp-protractor@~1.0.0', null ]
208 verbose cache add name=undefined spec="gulp-protractor@~1.0.0" args=["gulp-protractor@~1.0.0",null]
209 verbose parsed url { protocol: null,
209 verbose parsed url   slashes: null,
209 verbose parsed url   auth: null,
209 verbose parsed url   host: null,
209 verbose parsed url   port: null,
209 verbose parsed url   hostname: null,
209 verbose parsed url   hash: null,
209 verbose parsed url   search: null,
209 verbose parsed url   query: null,
209 verbose parsed url   pathname: 'gulp-protractor@~1.0.0',
209 verbose parsed url   path: 'gulp-protractor@~1.0.0',
209 verbose parsed url   href: 'gulp-protractor@~1.0.0' }
210 verbose cache add name="gulp-protractor" spec="~1.0.0" args=["gulp-protractor","~1.0.0"]
211 verbose parsed url { protocol: null,
211 verbose parsed url   slashes: null,
211 verbose parsed url   auth: null,
211 verbose parsed url   host: null,
211 verbose parsed url   port: null,
211 verbose parsed url   hostname: null,
211 verbose parsed url   hash: null,
211 verbose parsed url   search: null,
211 verbose parsed url   query: null,
211 verbose parsed url   pathname: '~1.0.0',
211 verbose parsed url   path: '~1.0.0',
211 verbose parsed url   href: '~1.0.0' }
212 verbose addNamed [ 'gulp-protractor', '~1.0.0' ]
213 verbose addNamed [ null, '>=1.0.0-0 <1.1.0-0' ]
214 silly lockFile 1483e950-gulp-protractor-1-0-0 gulp-protractor@~1.0.0
215 verbose lock gulp-protractor@~1.0.0 /home/ohm/.npm/1483e950-gulp-protractor-1-0-0.lock
216 verbose cache add [ 'gulp-sourcemaps@~1.5.2', null ]
217 verbose cache add name=undefined spec="gulp-sourcemaps@~1.5.2" args=["gulp-sourcemaps@~1.5.2",null]
218 verbose parsed url { protocol: null,
218 verbose parsed url   slashes: null,
218 verbose parsed url   auth: null,
218 verbose parsed url   host: null,
218 verbose parsed url   port: null,
218 verbose parsed url   hostname: null,
218 verbose parsed url   hash: null,
218 verbose parsed url   search: null,
218 verbose parsed url   query: null,
218 verbose parsed url   pathname: 'gulp-sourcemaps@~1.5.2',
218 verbose parsed url   path: 'gulp-sourcemaps@~1.5.2',
218 verbose parsed url   href: 'gulp-sourcemaps@~1.5.2' }
219 verbose cache add name="gulp-sourcemaps" spec="~1.5.2" args=["gulp-sourcemaps","~1.5.2"]
220 verbose parsed url { protocol: null,
220 verbose parsed url   slashes: null,
220 verbose parsed url   auth: null,
220 verbose parsed url   host: null,
220 verbose parsed url   port: null,
220 verbose parsed url   hostname: null,
220 verbose parsed url   hash: null,
220 verbose parsed url   search: null,
220 verbose parsed url   query: null,
220 verbose parsed url   pathname: '~1.5.2',
220 verbose parsed url   path: '~1.5.2',
220 verbose parsed url   href: '~1.5.2' }
221 verbose addNamed [ 'gulp-sourcemaps', '~1.5.2' ]
222 verbose addNamed [ null, '>=1.5.2-0 <1.6.0-0' ]
223 silly lockFile 8c56b3e2-gulp-sourcemaps-1-5-2 gulp-sourcemaps@~1.5.2
224 verbose lock gulp-sourcemaps@~1.5.2 /home/ohm/.npm/8c56b3e2-gulp-sourcemaps-1-5-2.lock
225 verbose cache add [ 'gulp-stylus@~2.0.5', null ]
226 verbose cache add name=undefined spec="gulp-stylus@~2.0.5" args=["gulp-stylus@~2.0.5",null]
227 verbose parsed url { protocol: null,
227 verbose parsed url   slashes: null,
227 verbose parsed url   auth: null,
227 verbose parsed url   host: null,
227 verbose parsed url   port: null,
227 verbose parsed url   hostname: null,
227 verbose parsed url   hash: null,
227 verbose parsed url   search: null,
227 verbose parsed url   query: null,
227 verbose parsed url   pathname: 'gulp-stylus@~2.0.5',
227 verbose parsed url   path: 'gulp-stylus@~2.0.5',
227 verbose parsed url   href: 'gulp-stylus@~2.0.5' }
228 verbose cache add name="gulp-stylus" spec="~2.0.5" args=["gulp-stylus","~2.0.5"]
229 verbose parsed url { protocol: null,
229 verbose parsed url   slashes: null,
229 verbose parsed url   auth: null,
229 verbose parsed url   host: null,
229 verbose parsed url   port: null,
229 verbose parsed url   hostname: null,
229 verbose parsed url   hash: null,
229 verbose parsed url   search: null,
229 verbose parsed url   query: null,
229 verbose parsed url   pathname: '~2.0.5',
229 verbose parsed url   path: '~2.0.5',
229 verbose parsed url   href: '~2.0.5' }
230 verbose addNamed [ 'gulp-stylus', '~2.0.5' ]
231 verbose addNamed [ null, '>=2.0.5-0 <2.1.0-0' ]
232 silly lockFile 2c28d7c9-gulp-stylus-2-0-5 gulp-stylus@~2.0.5
233 verbose lock gulp-stylus@~2.0.5 /home/ohm/.npm/2c28d7c9-gulp-stylus-2-0-5.lock
234 verbose cache add [ 'gulp-angular-filesort@~1.1.1', null ]
235 verbose cache add name=undefined spec="gulp-angular-filesort@~1.1.1" args=["gulp-angular-filesort@~1.1.1",null]
236 verbose parsed url { protocol: null,
236 verbose parsed url   slashes: null,
236 verbose parsed url   auth: null,
236 verbose parsed url   host: null,
236 verbose parsed url   port: null,
236 verbose parsed url   hostname: null,
236 verbose parsed url   hash: null,
236 verbose parsed url   search: null,
236 verbose parsed url   query: null,
236 verbose parsed url   pathname: 'gulp-angular-filesort@~1.1.1',
236 verbose parsed url   path: 'gulp-angular-filesort@~1.1.1',
236 verbose parsed url   href: 'gulp-angular-filesort@~1.1.1' }
237 verbose cache add name="gulp-angular-filesort" spec="~1.1.1" args=["gulp-angular-filesort","~1.1.1"]
238 verbose parsed url { protocol: null,
238 verbose parsed url   slashes: null,
238 verbose parsed url   auth: null,
238 verbose parsed url   host: null,
238 verbose parsed url   port: null,
238 verbose parsed url   hostname: null,
238 verbose parsed url   hash: null,
238 verbose parsed url   search: null,
238 verbose parsed url   query: null,
238 verbose parsed url   pathname: '~1.1.1',
238 verbose parsed url   path: '~1.1.1',
238 verbose parsed url   href: '~1.1.1' }
239 verbose addNamed [ 'gulp-angular-filesort', '~1.1.1' ]
240 verbose addNamed [ null, '>=1.1.1-0 <1.2.0-0' ]
241 silly lockFile 719da4c4-gulp-angular-filesort-1-1-1 gulp-angular-filesort@~1.1.1
242 verbose lock gulp-angular-filesort@~1.1.1 /home/ohm/.npm/719da4c4-gulp-angular-filesort-1-1-1.lock
243 verbose cache add [ 'main-bower-files@~2.8.0', null ]
244 verbose cache add name=undefined spec="main-bower-files@~2.8.0" args=["main-bower-files@~2.8.0",null]
245 verbose parsed url { protocol: null,
245 verbose parsed url   slashes: null,
245 verbose parsed url   auth: null,
245 verbose parsed url   host: null,
245 verbose parsed url   port: null,
245 verbose parsed url   hostname: null,
245 verbose parsed url   hash: null,
245 verbose parsed url   search: null,
245 verbose parsed url   query: null,
245 verbose parsed url   pathname: 'main-bower-files@~2.8.0',
245 verbose parsed url   path: 'main-bower-files@~2.8.0',
245 verbose parsed url   href: 'main-bower-files@~2.8.0' }
246 verbose cache add name="main-bower-files" spec="~2.8.0" args=["main-bower-files","~2.8.0"]
247 verbose parsed url { protocol: null,
247 verbose parsed url   slashes: null,
247 verbose parsed url   auth: null,
247 verbose parsed url   host: null,
247 verbose parsed url   port: null,
247 verbose parsed url   hostname: null,
247 verbose parsed url   hash: null,
247 verbose parsed url   search: null,
247 verbose parsed url   query: null,
247 verbose parsed url   pathname: '~2.8.0',
247 verbose parsed url   path: '~2.8.0',
247 verbose parsed url   href: '~2.8.0' }
248 verbose addNamed [ 'main-bower-files', '~2.8.0' ]
249 verbose addNamed [ null, '>=2.8.0-0 <2.9.0-0' ]
250 silly lockFile a288a934-main-bower-files-2-8-0 main-bower-files@~2.8.0
251 verbose lock main-bower-files@~2.8.0 /home/ohm/.npm/a288a934-main-bower-files-2-8-0.lock
252 verbose cache add [ 'merge-stream@~0.1.7', null ]
253 verbose cache add name=undefined spec="merge-stream@~0.1.7" args=["merge-stream@~0.1.7",null]
254 verbose parsed url { protocol: null,
254 verbose parsed url   slashes: null,
254 verbose parsed url   auth: null,
254 verbose parsed url   host: null,
254 verbose parsed url   port: null,
254 verbose parsed url   hostname: null,
254 verbose parsed url   hash: null,
254 verbose parsed url   search: null,
254 verbose parsed url   query: null,
254 verbose parsed url   pathname: 'merge-stream@~0.1.7',
254 verbose parsed url   path: 'merge-stream@~0.1.7',
254 verbose parsed url   href: 'merge-stream@~0.1.7' }
255 verbose cache add name="merge-stream" spec="~0.1.7" args=["merge-stream","~0.1.7"]
256 verbose parsed url { protocol: null,
256 verbose parsed url   slashes: null,
256 verbose parsed url   auth: null,
256 verbose parsed url   host: null,
256 verbose parsed url   port: null,
256 verbose parsed url   hostname: null,
256 verbose parsed url   hash: null,
256 verbose parsed url   search: null,
256 verbose parsed url   query: null,
256 verbose parsed url   pathname: '~0.1.7',
256 verbose parsed url   path: '~0.1.7',
256 verbose parsed url   href: '~0.1.7' }
257 verbose addNamed [ 'merge-stream', '~0.1.7' ]
258 verbose addNamed [ null, '>=0.1.7-0 <0.2.0-0' ]
259 silly lockFile a2d2685c-merge-stream-0-1-7 merge-stream@~0.1.7
260 verbose lock merge-stream@~0.1.7 /home/ohm/.npm/a2d2685c-merge-stream-0-1-7.lock
261 verbose cache add [ 'jshint-stylish@~2.0.0', null ]
262 verbose cache add name=undefined spec="jshint-stylish@~2.0.0" args=["jshint-stylish@~2.0.0",null]
263 verbose parsed url { protocol: null,
263 verbose parsed url   slashes: null,
263 verbose parsed url   auth: null,
263 verbose parsed url   host: null,
263 verbose parsed url   port: null,
263 verbose parsed url   hostname: null,
263 verbose parsed url   hash: null,
263 verbose parsed url   search: null,
263 verbose parsed url   query: null,
263 verbose parsed url   pathname: 'jshint-stylish@~2.0.0',
263 verbose parsed url   path: 'jshint-stylish@~2.0.0',
263 verbose parsed url   href: 'jshint-stylish@~2.0.0' }
264 verbose cache add name="jshint-stylish" spec="~2.0.0" args=["jshint-stylish","~2.0.0"]
265 verbose parsed url { protocol: null,
265 verbose parsed url   slashes: null,
265 verbose parsed url   auth: null,
265 verbose parsed url   host: null,
265 verbose parsed url   port: null,
265 verbose parsed url   hostname: null,
265 verbose parsed url   hash: null,
265 verbose parsed url   search: null,
265 verbose parsed url   query: null,
265 verbose parsed url   pathname: '~2.0.0',
265 verbose parsed url   path: '~2.0.0',
265 verbose parsed url   href: '~2.0.0' }
266 verbose addNamed [ 'jshint-stylish', '~2.0.0' ]
267 verbose addNamed [ null, '>=2.0.0-0 <2.1.0-0' ]
268 silly lockFile 099cb2ac-jshint-stylish-2-0-0 jshint-stylish@~2.0.0
269 verbose lock jshint-stylish@~2.0.0 /home/ohm/.npm/099cb2ac-jshint-stylish-2-0-0.lock
270 verbose cache add [ 'wiredep@~2.2.2', null ]
271 verbose cache add name=undefined spec="wiredep@~2.2.2" args=["wiredep@~2.2.2",null]
272 verbose parsed url { protocol: null,
272 verbose parsed url   slashes: null,
272 verbose parsed url   auth: null,
272 verbose parsed url   host: null,
272 verbose parsed url   port: null,
272 verbose parsed url   hostname: null,
272 verbose parsed url   hash: null,
272 verbose parsed url   search: null,
272 verbose parsed url   query: null,
272 verbose parsed url   pathname: 'wiredep@~2.2.2',
272 verbose parsed url   path: 'wiredep@~2.2.2',
272 verbose parsed url   href: 'wiredep@~2.2.2' }
273 verbose cache add name="wiredep" spec="~2.2.2" args=["wiredep","~2.2.2"]
274 verbose parsed url { protocol: null,
274 verbose parsed url   slashes: null,
274 verbose parsed url   auth: null,
274 verbose parsed url   host: null,
274 verbose parsed url   port: null,
274 verbose parsed url   hostname: null,
274 verbose parsed url   hash: null,
274 verbose parsed url   search: null,
274 verbose parsed url   query: null,
274 verbose parsed url   pathname: '~2.2.2',
274 verbose parsed url   path: '~2.2.2',
274 verbose parsed url   href: '~2.2.2' }
275 verbose addNamed [ 'wiredep', '~2.2.2' ]
276 verbose addNamed [ null, '>=2.2.2-0 <2.3.0-0' ]
277 silly lockFile 07181481-wiredep-2-2-2 wiredep@~2.2.2
278 verbose lock wiredep@~2.2.2 /home/ohm/.npm/07181481-wiredep-2-2-2.lock
279 verbose cache add [ 'karma@~0.12.36', null ]
280 verbose cache add name=undefined spec="karma@~0.12.36" args=["karma@~0.12.36",null]
281 verbose parsed url { protocol: null,
281 verbose parsed url   slashes: null,
281 verbose parsed url   auth: null,
281 verbose parsed url   host: null,
281 verbose parsed url   port: null,
281 verbose parsed url   hostname: null,
281 verbose parsed url   hash: null,
281 verbose parsed url   search: null,
281 verbose parsed url   query: null,
281 verbose parsed url   pathname: 'karma@~0.12.36',
281 verbose parsed url   path: 'karma@~0.12.36',
281 verbose parsed url   href: 'karma@~0.12.36' }
282 verbose cache add name="karma" spec="~0.12.36" args=["karma","~0.12.36"]
283 verbose parsed url { protocol: null,
283 verbose parsed url   slashes: null,
283 verbose parsed url   auth: null,
283 verbose parsed url   host: null,
283 verbose parsed url   port: null,
283 verbose parsed url   hostname: null,
283 verbose parsed url   hash: null,
283 verbose parsed url   search: null,
283 verbose parsed url   query: null,
283 verbose parsed url   pathname: '~0.12.36',
283 verbose parsed url   path: '~0.12.36',
283 verbose parsed url   href: '~0.12.36' }
284 verbose addNamed [ 'karma', '~0.12.36' ]
285 verbose addNamed [ null, '>=0.12.36-0 <0.13.0-0' ]
286 silly lockFile 6a8ec754-karma-0-12-36 karma@~0.12.36
287 verbose lock karma@~0.12.36 /home/ohm/.npm/6a8ec754-karma-0-12-36.lock
288 silly addNameRange { name: 'gulp-jshint',
288 silly addNameRange   range: '>=1.11.0-0 <1.12.0-0',
288 silly addNameRange   hasData: false }
289 silly addNameRange { name: 'gulp-autoprefixer',
289 silly addNameRange   range: '>=2.3.1-0 <2.4.0-0',
289 silly addNameRange   hasData: false }
290 verbose url raw gulp-angular-templatecache
291 verbose url resolving [ 'https://registry.npmjs.org/',
291 verbose url resolving   './gulp-angular-templatecache' ]
292 verbose url resolved https://registry.npmjs.org/gulp-angular-templatecache
293 info trying registry request attempt 1 at 13:41:11
294 http GET https://registry.npmjs.org/gulp-angular-templatecache
295 verbose url raw del
296 verbose url resolving [ 'https://registry.npmjs.org/', './del' ]
297 verbose url resolved https://registry.npmjs.org/del
298 info trying registry request attempt 1 at 13:41:11
299 http GET https://registry.npmjs.org/del
300 verbose url raw gulp-csso
301 verbose url resolving [ 'https://registry.npmjs.org/', './gulp-csso' ]
302 verbose url resolved https://registry.npmjs.org/gulp-csso
303 info trying registry request attempt 1 at 13:41:11
304 http GET https://registry.npmjs.org/gulp-csso
305 verbose url raw gulp-filter
306 verbose url resolving [ 'https://registry.npmjs.org/', './gulp-filter' ]
307 verbose url resolved https://registry.npmjs.org/gulp-filter
308 info trying registry request attempt 1 at 13:41:11
309 http GET https://registry.npmjs.org/gulp-filter
310 verbose url raw gulp-flatten
311 verbose url resolving [ 'https://registry.npmjs.org/', './gulp-flatten' ]
312 verbose url resolved https://registry.npmjs.org/gulp-flatten
313 info trying registry request attempt 1 at 13:41:11
314 http GET https://registry.npmjs.org/gulp-flatten
315 silly addNameRange { name: 'gulp-load-plugins',
315 silly addNameRange   range: '>=0.10.0-0 <0.11.0-0',
315 silly addNameRange   hasData: false }
316 silly addNameRange { name: 'gulp-size',
316 silly addNameRange   range: '>=1.2.1-0 <1.3.0-0',
316 silly addNameRange   hasData: false }
317 silly addNameRange { name: 'gulp-uglify',
317 silly addNameRange   range: '>=1.2.0-0 <1.3.0-0',
317 silly addNameRange   hasData: false }
318 silly addNameRange { name: 'gulp-useref',
318 silly addNameRange   range: '>=1.2.0-0 <1.3.0-0',
318 silly addNameRange   hasData: false }
319 silly addNameRange { name: 'gulp-util',
319 silly addNameRange   range: '>=3.0.5-0 <3.1.0-0',
319 silly addNameRange   hasData: false }
320 silly addNameRange { name: 'gulp-ng-annotate',
320 silly addNameRange   range: '>=1.0.0-0 <1.1.0-0',
320 silly addNameRange   hasData: false }
321 verbose cache add [ 'karma-jasmine@~0.3.5', null ]
322 verbose cache add name=undefined spec="karma-jasmine@~0.3.5" args=["karma-jasmine@~0.3.5",null]
323 verbose parsed url { protocol: null,
323 verbose parsed url   slashes: null,
323 verbose parsed url   auth: null,
323 verbose parsed url   host: null,
323 verbose parsed url   port: null,
323 verbose parsed url   hostname: null,
323 verbose parsed url   hash: null,
323 verbose parsed url   search: null,
323 verbose parsed url   query: null,
323 verbose parsed url   pathname: 'karma-jasmine@~0.3.5',
323 verbose parsed url   path: 'karma-jasmine@~0.3.5',
323 verbose parsed url   href: 'karma-jasmine@~0.3.5' }
324 verbose cache add name="karma-jasmine" spec="~0.3.5" args=["karma-jasmine","~0.3.5"]
325 verbose parsed url { protocol: null,
325 verbose parsed url   slashes: null,
325 verbose parsed url   auth: null,
325 verbose parsed url   host: null,
325 verbose parsed url   port: null,
325 verbose parsed url   hostname: null,
325 verbose parsed url   hash: null,
325 verbose parsed url   search: null,
325 verbose parsed url   query: null,
325 verbose parsed url   pathname: '~0.3.5',
325 verbose parsed url   path: '~0.3.5',
325 verbose parsed url   href: '~0.3.5' }
326 verbose addNamed [ 'karma-jasmine', '~0.3.5' ]
327 verbose addNamed [ null, '>=0.3.5-0 <0.4.0-0' ]
328 silly lockFile cf2fffd8-karma-jasmine-0-3-5 karma-jasmine@~0.3.5
329 verbose lock karma-jasmine@~0.3.5 /home/ohm/.npm/cf2fffd8-karma-jasmine-0-3-5.lock
330 verbose cache add [ 'karma-phantomjs-launcher@~0.2.0', null ]
331 verbose cache add name=undefined spec="karma-phantomjs-launcher@~0.2.0" args=["karma-phantomjs-launcher@~0.2.0",null]
332 verbose parsed url { protocol: null,
332 verbose parsed url   slashes: null,
332 verbose parsed url   auth: null,
332 verbose parsed url   host: null,
332 verbose parsed url   port: null,
332 verbose parsed url   hostname: null,
332 verbose parsed url   hash: null,
332 verbose parsed url   search: null,
332 verbose parsed url   query: null,
332 verbose parsed url   pathname: 'karma-phantomjs-launcher@~0.2.0',
332 verbose parsed url   path: 'karma-phantomjs-launcher@~0.2.0',
332 verbose parsed url   href: 'karma-phantomjs-launcher@~0.2.0' }
333 verbose cache add name="karma-phantomjs-launcher" spec="~0.2.0" args=["karma-phantomjs-launcher","~0.2.0"]
334 verbose parsed url { protocol: null,
334 verbose parsed url   slashes: null,
334 verbose parsed url   auth: null,
334 verbose parsed url   host: null,
334 verbose parsed url   port: null,
334 verbose parsed url   hostname: null,
334 verbose parsed url   hash: null,
334 verbose parsed url   search: null,
334 verbose parsed url   query: null,
334 verbose parsed url   pathname: '~0.2.0',
334 verbose parsed url   path: '~0.2.0',
334 verbose parsed url   href: '~0.2.0' }
335 verbose addNamed [ 'karma-phantomjs-launcher', '~0.2.0' ]
336 verbose addNamed [ null, '>=0.2.0-0 <0.3.0-0' ]
337 silly lockFile 1ea6b143-karma-phantomjs-launcher-0-2-0 karma-phantomjs-launcher@~0.2.0
338 verbose lock karma-phantomjs-launcher@~0.2.0 /home/ohm/.npm/1ea6b143-karma-phantomjs-launcher-0-2-0.lock
339 verbose cache add [ 'karma-angular-filesort@~0.1.0', null ]
340 verbose cache add name=undefined spec="karma-angular-filesort@~0.1.0" args=["karma-angular-filesort@~0.1.0",null]
341 verbose parsed url { protocol: null,
341 verbose parsed url   slashes: null,
341 verbose parsed url   auth: null,
341 verbose parsed url   host: null,
341 verbose parsed url   port: null,
341 verbose parsed url   hostname: null,
341 verbose parsed url   hash: null,
341 verbose parsed url   search: null,
341 verbose parsed url   query: null,
341 verbose parsed url   pathname: 'karma-angular-filesort@~0.1.0',
341 verbose parsed url   path: 'karma-angular-filesort@~0.1.0',
341 verbose parsed url   href: 'karma-angular-filesort@~0.1.0' }
342 verbose cache add name="karma-angular-filesort" spec="~0.1.0" args=["karma-angular-filesort","~0.1.0"]
343 verbose parsed url { protocol: null,
343 verbose parsed url   slashes: null,
343 verbose parsed url   auth: null,
343 verbose parsed url   host: null,
343 verbose parsed url   port: null,
343 verbose parsed url   hostname: null,
343 verbose parsed url   hash: null,
343 verbose parsed url   search: null,
343 verbose parsed url   query: null,
343 verbose parsed url   pathname: '~0.1.0',
343 verbose parsed url   path: '~0.1.0',
343 verbose parsed url   href: '~0.1.0' }
344 verbose addNamed [ 'karma-angular-filesort', '~0.1.0' ]
345 verbose addNamed [ null, '>=0.1.0-0 <0.2.0-0' ]
346 silly lockFile 5dca9a1a-karma-angular-filesort-0-1-0 karma-angular-filesort@~0.1.0
347 verbose lock karma-angular-filesort@~0.1.0 /home/ohm/.npm/5dca9a1a-karma-angular-filesort-0-1-0.lock
348 verbose cache add [ 'karma-ng-html2js-preprocessor@~0.1.2', null ]
349 verbose cache add name=undefined spec="karma-ng-html2js-preprocessor@~0.1.2" args=["karma-ng-html2js-preprocessor@~0.1.2",null]
350 verbose parsed url { protocol: null,
350 verbose parsed url   slashes: null,
350 verbose parsed url   auth: null,
350 verbose parsed url   host: null,
350 verbose parsed url   port: null,
350 verbose parsed url   hostname: null,
350 verbose parsed url   hash: null,
350 verbose parsed url   search: null,
350 verbose parsed url   query: null,
350 verbose parsed url   pathname: 'karma-ng-html2js-preprocessor@~0.1.2',
350 verbose parsed url   path: 'karma-ng-html2js-preprocessor@~0.1.2',
350 verbose parsed url   href: 'karma-ng-html2js-preprocessor@~0.1.2' }
351 verbose cache add name="karma-ng-html2js-preprocessor" spec="~0.1.2" args=["karma-ng-html2js-preprocessor","~0.1.2"]
352 verbose parsed url { protocol: null,
352 verbose parsed url   slashes: null,
352 verbose parsed url   auth: null,
352 verbose parsed url   host: null,
352 verbose parsed url   port: null,
352 verbose parsed url   hostname: null,
352 verbose parsed url   hash: null,
352 verbose parsed url   search: null,
352 verbose parsed url   query: null,
352 verbose parsed url   pathname: '~0.1.2',
352 verbose parsed url   path: '~0.1.2',
352 verbose parsed url   href: '~0.1.2' }
353 verbose addNamed [ 'karma-ng-html2js-preprocessor', '~0.1.2' ]
354 verbose addNamed [ null, '>=0.1.2-0 <0.2.0-0' ]
355 silly lockFile 69c4cf72-ma-ng-html2js-preprocessor-0-1-2 karma-ng-html2js-preprocessor@~0.1.2
356 verbose lock karma-ng-html2js-preprocessor@~0.1.2 /home/ohm/.npm/69c4cf72-ma-ng-html2js-preprocessor-0-1-2.lock
357 verbose cache add [ 'concat-stream@~1.5.0', null ]
358 verbose cache add name=undefined spec="concat-stream@~1.5.0" args=["concat-stream@~1.5.0",null]
359 verbose parsed url { protocol: null,
359 verbose parsed url   slashes: null,
359 verbose parsed url   auth: null,
359 verbose parsed url   host: null,
359 verbose parsed url   port: null,
359 verbose parsed url   hostname: null,
359 verbose parsed url   hash: null,
359 verbose parsed url   search: null,
359 verbose parsed url   query: null,
359 verbose parsed url   pathname: 'concat-stream@~1.5.0',
359 verbose parsed url   path: 'concat-stream@~1.5.0',
359 verbose parsed url   href: 'concat-stream@~1.5.0' }
360 verbose cache add name="concat-stream" spec="~1.5.0" args=["concat-stream","~1.5.0"]
361 verbose parsed url { protocol: null,
361 verbose parsed url   slashes: null,
361 verbose parsed url   auth: null,
361 verbose parsed url   host: null,
361 verbose parsed url   port: null,
361 verbose parsed url   hostname: null,
361 verbose parsed url   hash: null,
361 verbose parsed url   search: null,
361 verbose parsed url   query: null,
361 verbose parsed url   pathname: '~1.5.0',
361 verbose parsed url   path: '~1.5.0',
361 verbose parsed url   href: '~1.5.0' }
362 verbose addNamed [ 'concat-stream', '~1.5.0' ]
363 verbose addNamed [ null, '>=1.5.0-0 <1.6.0-0' ]
364 silly lockFile 8366694d-concat-stream-1-5-0 concat-stream@~1.5.0
365 verbose lock concat-stream@~1.5.0 /home/ohm/.npm/8366694d-concat-stream-1-5-0.lock
366 verbose cache add [ 'require-dir@~0.3.0', null ]
367 verbose cache add name=undefined spec="require-dir@~0.3.0" args=["require-dir@~0.3.0",null]
368 verbose parsed url { protocol: null,
368 verbose parsed url   slashes: null,
368 verbose parsed url   auth: null,
368 verbose parsed url   host: null,
368 verbose parsed url   port: null,
368 verbose parsed url   hostname: null,
368 verbose parsed url   hash: null,
368 verbose parsed url   search: null,
368 verbose parsed url   query: null,
368 verbose parsed url   pathname: 'require-dir@~0.3.0',
368 verbose parsed url   path: 'require-dir@~0.3.0',
368 verbose parsed url   href: 'require-dir@~0.3.0' }
369 verbose cache add name="require-dir" spec="~0.3.0" args=["require-dir","~0.3.0"]
370 verbose parsed url { protocol: null,
370 verbose parsed url   slashes: null,
370 verbose parsed url   auth: null,
370 verbose parsed url   host: null,
370 verbose parsed url   port: null,
370 verbose parsed url   hostname: null,
370 verbose parsed url   hash: null,
370 verbose parsed url   search: null,
370 verbose parsed url   query: null,
370 verbose parsed url   pathname: '~0.3.0',
370 verbose parsed url   path: '~0.3.0',
370 verbose parsed url   href: '~0.3.0' }
371 verbose addNamed [ 'require-dir', '~0.3.0' ]
372 verbose addNamed [ null, '>=0.3.0-0 <0.4.0-0' ]
373 silly lockFile aa115276-require-dir-0-3-0 require-dir@~0.3.0
374 verbose lock require-dir@~0.3.0 /home/ohm/.npm/aa115276-require-dir-0-3-0.lock
375 verbose cache add [ 'browser-sync@~2.7.12', null ]
376 verbose cache add name=undefined spec="browser-sync@~2.7.12" args=["browser-sync@~2.7.12",null]
377 verbose parsed url { protocol: null,
377 verbose parsed url   slashes: null,
377 verbose parsed url   auth: null,
377 verbose parsed url   host: null,
377 verbose parsed url   port: null,
377 verbose parsed url   hostname: null,
377 verbose parsed url   hash: null,
377 verbose parsed url   search: null,
377 verbose parsed url   query: null,
377 verbose parsed url   pathname: 'browser-sync@~2.7.12',
377 verbose parsed url   path: 'browser-sync@~2.7.12',
377 verbose parsed url   href: 'browser-sync@~2.7.12' }
378 verbose cache add name="browser-sync" spec="~2.7.12" args=["browser-sync","~2.7.12"]
379 verbose parsed url { protocol: null,
379 verbose parsed url   slashes: null,
379 verbose parsed url   auth: null,
379 verbose parsed url   host: null,
379 verbose parsed url   port: null,
379 verbose parsed url   hostname: null,
379 verbose parsed url   hash: null,
379 verbose parsed url   search: null,
379 verbose parsed url   query: null,
379 verbose parsed url   pathname: '~2.7.12',
379 verbose parsed url   path: '~2.7.12',
379 verbose parsed url   href: '~2.7.12' }
380 verbose addNamed [ 'browser-sync', '~2.7.12' ]
381 verbose addNamed [ null, '>=2.7.12-0 <2.8.0-0' ]
382 silly lockFile 49a80bc7-browser-sync-2-7-12 browser-sync@~2.7.12
383 verbose lock browser-sync@~2.7.12 /home/ohm/.npm/49a80bc7-browser-sync-2-7-12.lock
384 verbose cache add [ 'browser-sync-spa@~1.0.2', null ]
385 verbose cache add name=undefined spec="browser-sync-spa@~1.0.2" args=["browser-sync-spa@~1.0.2",null]
386 verbose parsed url { protocol: null,
386 verbose parsed url   slashes: null,
386 verbose parsed url   auth: null,
386 verbose parsed url   host: null,
386 verbose parsed url   port: null,
386 verbose parsed url   hostname: null,
386 verbose parsed url   hash: null,
386 verbose parsed url   search: null,
386 verbose parsed url   query: null,
386 verbose parsed url   pathname: 'browser-sync-spa@~1.0.2',
386 verbose parsed url   path: 'browser-sync-spa@~1.0.2',
386 verbose parsed url   href: 'browser-sync-spa@~1.0.2' }
387 verbose cache add name="browser-sync-spa" spec="~1.0.2" args=["browser-sync-spa","~1.0.2"]
388 verbose parsed url { protocol: null,
388 verbose parsed url   slashes: null,
388 verbose parsed url   auth: null,
388 verbose parsed url   host: null,
388 verbose parsed url   port: null,
388 verbose parsed url   hostname: null,
388 verbose parsed url   hash: null,
388 verbose parsed url   search: null,
388 verbose parsed url   query: null,
388 verbose parsed url   pathname: '~1.0.2',
388 verbose parsed url   path: '~1.0.2',
388 verbose parsed url   href: '~1.0.2' }
389 verbose addNamed [ 'browser-sync-spa', '~1.0.2' ]
390 verbose addNamed [ null, '>=1.0.2-0 <1.1.0-0' ]
391 silly lockFile 445873c8-browser-sync-spa-1-0-2 browser-sync-spa@~1.0.2
392 verbose lock browser-sync-spa@~1.0.2 /home/ohm/.npm/445873c8-browser-sync-spa-1-0-2.lock
393 verbose cache add [ 'http-proxy-middleware@~0.0.5', null ]
394 verbose cache add name=undefined spec="http-proxy-middleware@~0.0.5" args=["http-proxy-middleware@~0.0.5",null]
395 verbose parsed url { protocol: null,
395 verbose parsed url   slashes: null,
395 verbose parsed url   auth: null,
395 verbose parsed url   host: null,
395 verbose parsed url   port: null,
395 verbose parsed url   hostname: null,
395 verbose parsed url   hash: null,
395 verbose parsed url   search: null,
395 verbose parsed url   query: null,
395 verbose parsed url   pathname: 'http-proxy-middleware@~0.0.5',
395 verbose parsed url   path: 'http-proxy-middleware@~0.0.5',
395 verbose parsed url   href: 'http-proxy-middleware@~0.0.5' }
396 verbose cache add name="http-proxy-middleware" spec="~0.0.5" args=["http-proxy-middleware","~0.0.5"]
397 verbose parsed url { protocol: null,
397 verbose parsed url   slashes: null,
397 verbose parsed url   auth: null,
397 verbose parsed url   host: null,
397 verbose parsed url   port: null,
397 verbose parsed url   hostname: null,
397 verbose parsed url   hash: null,
397 verbose parsed url   search: null,
397 verbose parsed url   query: null,
397 verbose parsed url   pathname: '~0.0.5',
397 verbose parsed url   path: '~0.0.5',
397 verbose parsed url   href: '~0.0.5' }
398 verbose addNamed [ 'http-proxy-middleware', '~0.0.5' ]
399 verbose addNamed [ null, '>=0.0.5-0 <0.1.0-0' ]
400 silly lockFile d9162fc3-http-proxy-middleware-0-0-5 http-proxy-middleware@~0.0.5
401 verbose lock http-proxy-middleware@~0.0.5 /home/ohm/.npm/d9162fc3-http-proxy-middleware-0-0-5.lock
402 verbose cache add [ 'chalk@~1.0.0', null ]
403 verbose cache add name=undefined spec="chalk@~1.0.0" args=["chalk@~1.0.0",null]
404 verbose parsed url { protocol: null,
404 verbose parsed url   slashes: null,
404 verbose parsed url   auth: null,
404 verbose parsed url   host: null,
404 verbose parsed url   port: null,
404 verbose parsed url   hostname: null,
404 verbose parsed url   hash: null,
404 verbose parsed url   search: null,
404 verbose parsed url   query: null,
404 verbose parsed url   pathname: 'chalk@~1.0.0',
404 verbose parsed url   path: 'chalk@~1.0.0',
404 verbose parsed url   href: 'chalk@~1.0.0' }
405 verbose cache add name="chalk" spec="~1.0.0" args=["chalk","~1.0.0"]
406 verbose parsed url { protocol: null,
406 verbose parsed url   slashes: null,
406 verbose parsed url   auth: null,
406 verbose parsed url   host: null,
406 verbose parsed url   port: null,
406 verbose parsed url   hostname: null,
406 verbose parsed url   hash: null,
406 verbose parsed url   search: null,
406 verbose parsed url   query: null,
406 verbose parsed url   pathname: '~1.0.0',
406 verbose parsed url   path: '~1.0.0',
406 verbose parsed url   href: '~1.0.0' }
407 verbose addNamed [ 'chalk', '~1.0.0' ]
408 verbose addNamed [ null, '>=1.0.0-0 <1.1.0-0' ]
409 silly lockFile b5b4e06b-chalk-1-0-0 chalk@~1.0.0
410 verbose lock chalk@~1.0.0 /home/ohm/.npm/b5b4e06b-chalk-1-0-0.lock
411 verbose cache add [ 'uglify-save-license@~0.4.1', null ]
412 verbose cache add name=undefined spec="uglify-save-license@~0.4.1" args=["uglify-save-license@~0.4.1",null]
413 verbose parsed url { protocol: null,
413 verbose parsed url   slashes: null,
413 verbose parsed url   auth: null,
413 verbose parsed url   host: null,
413 verbose parsed url   port: null,
413 verbose parsed url   hostname: null,
413 verbose parsed url   hash: null,
413 verbose parsed url   search: null,
413 verbose parsed url   query: null,
413 verbose parsed url   pathname: 'uglify-save-license@~0.4.1',
413 verbose parsed url   path: 'uglify-save-license@~0.4.1',
413 verbose parsed url   href: 'uglify-save-license@~0.4.1' }
414 verbose cache add name="uglify-save-license" spec="~0.4.1" args=["uglify-save-license","~0.4.1"]
415 verbose parsed url { protocol: null,
415 verbose parsed url   slashes: null,
415 verbose parsed url   auth: null,
415 verbose parsed url   host: null,
415 verbose parsed url   port: null,
415 verbose parsed url   hostname: null,
415 verbose parsed url   hash: null,
415 verbose parsed url   search: null,
415 verbose parsed url   query: null,
415 verbose parsed url   pathname: '~0.4.1',
415 verbose parsed url   path: '~0.4.1',
415 verbose parsed url   href: '~0.4.1' }
416 verbose addNamed [ 'uglify-save-license', '~0.4.1' ]
417 verbose addNamed [ null, '>=0.4.1-0 <0.5.0-0' ]
418 silly lockFile 66f07fda-uglify-save-license-0-4-1 uglify-save-license@~0.4.1
419 verbose lock uglify-save-license@~0.4.1 /home/ohm/.npm/66f07fda-uglify-save-license-0-4-1.lock
420 verbose cache add [ 'wrench@~1.5.8', null ]
421 verbose cache add name=undefined spec="wrench@~1.5.8" args=["wrench@~1.5.8",null]
422 verbose parsed url { protocol: null,
422 verbose parsed url   slashes: null,
422 verbose parsed url   auth: null,
422 verbose parsed url   host: null,
422 verbose parsed url   port: null,
422 verbose parsed url   hostname: null,
422 verbose parsed url   hash: null,
422 verbose parsed url   search: null,
422 verbose parsed url   query: null,
422 verbose parsed url   pathname: 'wrench@~1.5.8',
422 verbose parsed url   path: 'wrench@~1.5.8',
422 verbose parsed url   href: 'wrench@~1.5.8' }
423 verbose cache add name="wrench" spec="~1.5.8" args=["wrench","~1.5.8"]
424 verbose parsed url { protocol: null,
424 verbose parsed url   slashes: null,
424 verbose parsed url   auth: null,
424 verbose parsed url   host: null,
424 verbose parsed url   port: null,
424 verbose parsed url   hostname: null,
424 verbose parsed url   hash: null,
424 verbose parsed url   search: null,
424 verbose parsed url   query: null,
424 verbose parsed url   pathname: '~1.5.8',
424 verbose parsed url   path: '~1.5.8',
424 verbose parsed url   href: '~1.5.8' }
425 verbose addNamed [ 'wrench', '~1.5.8' ]
426 verbose addNamed [ null, '>=1.5.8-0 <1.6.0-0' ]
427 silly lockFile 703597c2-wrench-1-5-8 wrench@~1.5.8
428 verbose lock wrench@~1.5.8 /home/ohm/.npm/703597c2-wrench-1-5-8.lock
429 silly addNameRange { name: 'gulp-replace',
429 silly addNameRange   range: '>=0.5.3-0 <0.6.0-0',
429 silly addNameRange   hasData: false }
430 verbose url raw gulp-autoprefixer
431 verbose url resolving [ 'https://registry.npmjs.org/', './gulp-autoprefixer' ]
432 verbose url resolved https://registry.npmjs.org/gulp-autoprefixer
433 info trying registry request attempt 1 at 13:41:11
434 http GET https://registry.npmjs.org/gulp-autoprefixer
435 verbose url raw gulp-jshint
436 verbose url resolving [ 'https://registry.npmjs.org/', './gulp-jshint' ]
437 verbose url resolved https://registry.npmjs.org/gulp-jshint
438 info trying registry request attempt 1 at 13:41:11
439 http GET https://registry.npmjs.org/gulp-jshint
440 verbose url raw gulp-load-plugins
441 verbose url resolving [ 'https://registry.npmjs.org/', './gulp-load-plugins' ]
442 verbose url resolved https://registry.npmjs.org/gulp-load-plugins
443 info trying registry request attempt 1 at 13:41:11
444 http GET https://registry.npmjs.org/gulp-load-plugins
445 verbose url raw gulp-size
446 verbose url resolving [ 'https://registry.npmjs.org/', './gulp-size' ]
447 verbose url resolved https://registry.npmjs.org/gulp-size
448 info trying registry request attempt 1 at 13:41:11
449 http GET https://registry.npmjs.org/gulp-size
450 verbose url raw gulp-uglify
451 verbose url resolving [ 'https://registry.npmjs.org/', './gulp-uglify' ]
452 verbose url resolved https://registry.npmjs.org/gulp-uglify
453 info trying registry request attempt 1 at 13:41:11
454 http GET https://registry.npmjs.org/gulp-uglify
455 silly addNameRange { name: 'gulp-rename',
455 silly addNameRange   range: '>=1.2.2-0 <1.3.0-0',
455 silly addNameRange   hasData: false }
456 silly addNameRange { name: 'gulp-rev', range: '>=5.0.0-0 <5.1.0-0', hasData: false }
457 silly addNameRange { name: 'gulp-rev-replace',
457 silly addNameRange   range: '>=0.4.2-0 <0.5.0-0',
457 silly addNameRange   hasData: false }
458 silly addNameRange { name: 'gulp-minify-html',
458 silly addNameRange   range: '>=1.0.3-0 <1.1.0-0',
458 silly addNameRange   hasData: false }
459 silly addNameRange { name: 'gulp-inject',
459 silly addNameRange   range: '>=1.3.1-0 <1.4.0-0',
459 silly addNameRange   hasData: false }
460 silly addNameRange { name: 'gulp-protractor',
460 silly addNameRange   range: '>=1.0.0-0 <1.1.0-0',
460 silly addNameRange   hasData: false }
461 silly addNameRange { name: 'gulp-sourcemaps',
461 silly addNameRange   range: '>=1.5.2-0 <1.6.0-0',
461 silly addNameRange   hasData: false }
462 silly addNameRange { name: 'gulp-stylus',
462 silly addNameRange   range: '>=2.0.5-0 <2.1.0-0',
462 silly addNameRange   hasData: false }
463 silly addNameRange { name: 'gulp-angular-filesort',
463 silly addNameRange   range: '>=1.1.1-0 <1.2.0-0',
463 silly addNameRange   hasData: false }
464 silly addNameRange { name: 'main-bower-files',
464 silly addNameRange   range: '>=2.8.0-0 <2.9.0-0',
464 silly addNameRange   hasData: false }
465 silly addNameRange { name: 'merge-stream',
465 silly addNameRange   range: '>=0.1.7-0 <0.2.0-0',
465 silly addNameRange   hasData: false }
466 silly addNameRange { name: 'jshint-stylish',
466 silly addNameRange   range: '>=2.0.0-0 <2.1.0-0',
466 silly addNameRange   hasData: false }
467 silly addNameRange { name: 'wiredep', range: '>=2.2.2-0 <2.3.0-0', hasData: false }
468 verbose url raw gulp-useref
469 verbose url resolving [ 'https://registry.npmjs.org/', './gulp-useref' ]
470 verbose url resolved https://registry.npmjs.org/gulp-useref
471 info trying registry request attempt 1 at 13:41:11
472 http GET https://registry.npmjs.org/gulp-useref
473 silly addNameRange { name: 'karma', range: '>=0.12.36-0 <0.13.0-0', hasData: false }
474 verbose url raw gulp-replace
475 verbose url resolving [ 'https://registry.npmjs.org/', './gulp-replace' ]
476 verbose url resolved https://registry.npmjs.org/gulp-replace
477 info trying registry request attempt 1 at 13:41:11
478 http GET https://registry.npmjs.org/gulp-replace
479 verbose url raw gulp-ng-annotate
480 verbose url resolving [ 'https://registry.npmjs.org/', './gulp-ng-annotate' ]
481 verbose url resolved https://registry.npmjs.org/gulp-ng-annotate
482 info trying registry request attempt 1 at 13:41:11
483 http GET https://registry.npmjs.org/gulp-ng-annotate
484 verbose url raw gulp-rev
485 verbose url resolving [ 'https://registry.npmjs.org/', './gulp-rev' ]
486 verbose url resolved https://registry.npmjs.org/gulp-rev
487 info trying registry request attempt 1 at 13:41:11
488 http GET https://registry.npmjs.org/gulp-rev
489 verbose url raw gulp-rev-replace
490 verbose url resolving [ 'https://registry.npmjs.org/', './gulp-rev-replace' ]
491 verbose url resolved https://registry.npmjs.org/gulp-rev-replace
492 info trying registry request attempt 1 at 13:41:11
493 http GET https://registry.npmjs.org/gulp-rev-replace
494 verbose url raw gulp-minify-html
495 verbose url resolving [ 'https://registry.npmjs.org/', './gulp-minify-html' ]
496 verbose url resolved https://registry.npmjs.org/gulp-minify-html
497 info trying registry request attempt 1 at 13:41:11
498 http GET https://registry.npmjs.org/gulp-minify-html
499 verbose url raw gulp-inject
500 verbose url resolving [ 'https://registry.npmjs.org/', './gulp-inject' ]
501 verbose url resolved https://registry.npmjs.org/gulp-inject
502 info trying registry request attempt 1 at 13:41:11
503 http GET https://registry.npmjs.org/gulp-inject
504 verbose url raw gulp-protractor
505 verbose url resolving [ 'https://registry.npmjs.org/', './gulp-protractor' ]
506 verbose url resolved https://registry.npmjs.org/gulp-protractor
507 info trying registry request attempt 1 at 13:41:11
508 http GET https://registry.npmjs.org/gulp-protractor
509 verbose url raw gulp-sourcemaps
510 verbose url resolving [ 'https://registry.npmjs.org/', './gulp-sourcemaps' ]
511 verbose url resolved https://registry.npmjs.org/gulp-sourcemaps
512 info trying registry request attempt 1 at 13:41:11
513 http GET https://registry.npmjs.org/gulp-sourcemaps
514 verbose url raw gulp-stylus
515 verbose url resolving [ 'https://registry.npmjs.org/', './gulp-stylus' ]
516 verbose url resolved https://registry.npmjs.org/gulp-stylus
517 info trying registry request attempt 1 at 13:41:11
518 http GET https://registry.npmjs.org/gulp-stylus
519 verbose url raw gulp-angular-filesort
520 verbose url resolving [ 'https://registry.npmjs.org/', './gulp-angular-filesort' ]
521 verbose url resolved https://registry.npmjs.org/gulp-angular-filesort
522 info trying registry request attempt 1 at 13:41:11
523 http GET https://registry.npmjs.org/gulp-angular-filesort
524 verbose url raw main-bower-files
525 verbose url resolving [ 'https://registry.npmjs.org/', './main-bower-files' ]
526 verbose url resolved https://registry.npmjs.org/main-bower-files
527 info trying registry request attempt 1 at 13:41:11
528 http GET https://registry.npmjs.org/main-bower-files
529 verbose url raw jshint-stylish
530 verbose url resolving [ 'https://registry.npmjs.org/', './jshint-stylish' ]
531 verbose url resolved https://registry.npmjs.org/jshint-stylish
532 info trying registry request attempt 1 at 13:41:11
533 http GET https://registry.npmjs.org/jshint-stylish
534 silly addNameRange { name: 'karma-jasmine',
534 silly addNameRange   range: '>=0.3.5-0 <0.4.0-0',
534 silly addNameRange   hasData: false }
535 verbose url raw wiredep
536 verbose url resolving [ 'https://registry.npmjs.org/', './wiredep' ]
537 verbose url resolved https://registry.npmjs.org/wiredep
538 info trying registry request attempt 1 at 13:41:11
539 http GET https://registry.npmjs.org/wiredep
540 silly addNameRange { name: 'karma-phantomjs-launcher',
540 silly addNameRange   range: '>=0.2.0-0 <0.3.0-0',
540 silly addNameRange   hasData: false }
541 silly addNameRange { name: 'karma-angular-filesort',
541 silly addNameRange   range: '>=0.1.0-0 <0.2.0-0',
541 silly addNameRange   hasData: false }
542 silly addNameRange { name: 'karma-ng-html2js-preprocessor',
542 silly addNameRange   range: '>=0.1.2-0 <0.2.0-0',
542 silly addNameRange   hasData: false }
543 silly addNameRange { name: 'require-dir',
543 silly addNameRange   range: '>=0.3.0-0 <0.4.0-0',
543 silly addNameRange   hasData: false }
544 silly addNameRange { name: 'browser-sync',
544 silly addNameRange   range: '>=2.7.12-0 <2.8.0-0',
544 silly addNameRange   hasData: false }
545 silly addNameRange { name: 'concat-stream',
545 silly addNameRange   range: '>=1.5.0-0 <1.6.0-0',
545 silly addNameRange   hasData: false }
546 silly addNameRange { name: 'browser-sync-spa',
546 silly addNameRange   range: '>=1.0.2-0 <1.1.0-0',
546 silly addNameRange   hasData: false }
547 silly addNameRange { name: 'http-proxy-middleware',
547 silly addNameRange   range: '>=0.0.5-0 <0.1.0-0',
547 silly addNameRange   hasData: false }
548 silly addNameRange { name: 'chalk', range: '>=1.0.0-0 <1.1.0-0', hasData: false }
549 silly addNameRange { name: 'uglify-save-license',
549 silly addNameRange   range: '>=0.4.1-0 <0.5.0-0',
549 silly addNameRange   hasData: false }
550 silly addNameRange { name: 'wrench', range: '>=1.5.8-0 <1.6.0-0', hasData: false }
551 verbose url raw karma
552 verbose url resolving [ 'https://registry.npmjs.org/', './karma' ]
553 verbose url resolved https://registry.npmjs.org/karma
554 info trying registry request attempt 1 at 13:41:11
555 http GET https://registry.npmjs.org/karma
556 verbose url raw karma-jasmine
557 verbose url resolving [ 'https://registry.npmjs.org/', './karma-jasmine' ]
558 verbose url resolved https://registry.npmjs.org/karma-jasmine
559 info trying registry request attempt 1 at 13:41:11
560 http GET https://registry.npmjs.org/karma-jasmine
561 verbose url raw karma-phantomjs-launcher
562 verbose url resolving [ 'https://registry.npmjs.org/', './karma-phantomjs-launcher' ]
563 verbose url resolved https://registry.npmjs.org/karma-phantomjs-launcher
564 info trying registry request attempt 1 at 13:41:11
565 http GET https://registry.npmjs.org/karma-phantomjs-launcher
566 verbose url raw karma-angular-filesort
567 verbose url resolving [ 'https://registry.npmjs.org/', './karma-angular-filesort' ]
568 verbose url resolved https://registry.npmjs.org/karma-angular-filesort
569 info trying registry request attempt 1 at 13:41:11
570 http GET https://registry.npmjs.org/karma-angular-filesort
571 verbose url raw karma-ng-html2js-preprocessor
572 verbose url resolving [ 'https://registry.npmjs.org/',
572 verbose url resolving   './karma-ng-html2js-preprocessor' ]
573 verbose url resolved https://registry.npmjs.org/karma-ng-html2js-preprocessor
574 info trying registry request attempt 1 at 13:41:11
575 http GET https://registry.npmjs.org/karma-ng-html2js-preprocessor
576 verbose url raw require-dir
577 verbose url resolving [ 'https://registry.npmjs.org/', './require-dir' ]
578 verbose url resolved https://registry.npmjs.org/require-dir
579 info trying registry request attempt 1 at 13:41:11
580 http GET https://registry.npmjs.org/require-dir
581 verbose url raw browser-sync
582 verbose url resolving [ 'https://registry.npmjs.org/', './browser-sync' ]
583 verbose url resolved https://registry.npmjs.org/browser-sync
584 info trying registry request attempt 1 at 13:41:11
585 http GET https://registry.npmjs.org/browser-sync
586 verbose url raw browser-sync-spa
587 verbose url resolving [ 'https://registry.npmjs.org/', './browser-sync-spa' ]
588 verbose url resolved https://registry.npmjs.org/browser-sync-spa
589 info trying registry request attempt 1 at 13:41:11
590 http GET https://registry.npmjs.org/browser-sync-spa
591 verbose url raw http-proxy-middleware
592 verbose url resolving [ 'https://registry.npmjs.org/', './http-proxy-middleware' ]
593 verbose url resolved https://registry.npmjs.org/http-proxy-middleware
594 info trying registry request attempt 1 at 13:41:11
595 http GET https://registry.npmjs.org/http-proxy-middleware
596 verbose url raw uglify-save-license
597 verbose url resolving [ 'https://registry.npmjs.org/', './uglify-save-license' ]
598 verbose url resolved https://registry.npmjs.org/uglify-save-license
599 info trying registry request attempt 1 at 13:41:11
600 http GET https://registry.npmjs.org/uglify-save-license
601 verbose url raw wrench
602 verbose url resolving [ 'https://registry.npmjs.org/', './wrench' ]
603 verbose url resolved https://registry.npmjs.org/wrench
604 info trying registry request attempt 1 at 13:41:11
605 http GET https://registry.npmjs.org/wrench
606 verbose url raw lodash
607 verbose url resolving [ 'https://registry.npmjs.org/', './lodash' ]
608 verbose url resolved https://registry.npmjs.org/lodash
609 info trying registry request attempt 1 at 13:41:11
610 verbose etag "CHS8BX6RNY0FTEUGU02J51MB3"
611 http GET https://registry.npmjs.org/lodash
612 verbose url raw gulp
613 verbose url resolving [ 'https://registry.npmjs.org/', './gulp' ]
614 verbose url resolved https://registry.npmjs.org/gulp
615 info trying registry request attempt 1 at 13:41:11
616 verbose etag "3MIX2BGWRLAKR9L2Y94OZ7X6M"
617 http GET https://registry.npmjs.org/gulp
618 verbose url raw gulp-util
619 verbose url resolving [ 'https://registry.npmjs.org/', './gulp-util' ]
620 verbose url resolved https://registry.npmjs.org/gulp-util
621 info trying registry request attempt 1 at 13:41:11
622 verbose etag "C5ESNQQFXB8GX4S39L929R0UU"
623 http GET https://registry.npmjs.org/gulp-util
624 verbose url raw merge-stream
625 verbose url resolving [ 'https://registry.npmjs.org/', './merge-stream' ]
626 verbose url resolved https://registry.npmjs.org/merge-stream
627 info trying registry request attempt 1 at 13:41:11
628 verbose etag "863XZRLYTVETOMDN9YMX0UOLM"
629 http GET https://registry.npmjs.org/merge-stream
630 verbose url raw gulp-rename
631 verbose url resolving [ 'https://registry.npmjs.org/', './gulp-rename' ]
632 verbose url resolved https://registry.npmjs.org/gulp-rename
633 info trying registry request attempt 1 at 13:41:11
634 verbose etag "CBOVY28GACID60KV2Z2HYCKFX"
635 http GET https://registry.npmjs.org/gulp-rename
636 verbose url raw concat-stream
637 verbose url resolving [ 'https://registry.npmjs.org/', './concat-stream' ]
638 verbose url resolved https://registry.npmjs.org/concat-stream
639 info trying registry request attempt 1 at 13:41:11
640 verbose etag "CSXDY5X9EGJC3B8CX96JGQ3RC"
641 http GET https://registry.npmjs.org/concat-stream
642 verbose url raw chalk
643 verbose url resolving [ 'https://registry.npmjs.org/', './chalk' ]
644 verbose url resolved https://registry.npmjs.org/chalk
645 info trying registry request attempt 1 at 13:41:11
646 verbose etag "3QG1I20F2ZAN30H9MBNAOWVP8"
647 http GET https://registry.npmjs.org/chalk
648 http 200 https://registry.npmjs.org/gulp-filter
649 silly registry.get cb [ 200,
649 silly registry.get   { server: 'CouchDB/1.5.0 (Erlang OTP/R16B03)',
649 silly registry.get     etag: '"1PVEWNKMSGV0677H2SWAS04ME"',
649 silly registry.get     'content-type': 'application/json',
649 silly registry.get     'cache-control': 'max-age=60',
649 silly registry.get     'content-length': '25471',
649 silly registry.get     'accept-ranges': 'bytes',
649 silly registry.get     date: 'Wed, 12 Aug 2015 18:41:12 GMT',
649 silly registry.get     via: '1.1 varnish',
649 silly registry.get     age: '27',
649 silly registry.get     connection: 'keep-alive',
649 silly registry.get     'x-served-by': 'cache-dfw1825-DFW',
649 silly registry.get     'x-cache': 'HIT',
649 silly registry.get     'x-cache-hits': '1',
649 silly registry.get     'x-timer': 'S1439404872.030503,VS0,VE0',
649 silly registry.get     vary: 'Accept' } ]
650 silly addNameRange number 2 { name: 'gulp-filter',
650 silly addNameRange   range: '>=2.0.2-0 <2.1.0-0',
650 silly addNameRange   hasData: true }
651 silly addNameRange versions [ 'gulp-filter',
651 silly addNameRange   [ '0.1.0',
651 silly addNameRange     '0.1.1',
651 silly addNameRange     '0.2.0',
651 silly addNameRange     '0.2.1',
651 silly addNameRange     '0.3.0',
651 silly addNameRange     '0.3.1',
651 silly addNameRange     '0.4.0',
651 silly addNameRange     '0.4.1',
651 silly addNameRange     '0.5.0',
651 silly addNameRange     '0.5.1',
651 silly addNameRange     '1.0.0',
651 silly addNameRange     '1.0.1',
651 silly addNameRange     '1.0.2',
651 silly addNameRange     '2.0.0',
651 silly addNameRange     '2.0.1',
651 silly addNameRange     '2.0.2',
651 silly addNameRange     '3.0.0' ] ]
652 verbose addNamed [ 'gulp-filter', '2.0.2' ]
653 verbose addNamed [ '2.0.2', '2.0.2' ]
654 silly lockFile d99953db-gulp-filter-2-0-2 gulp-filter@2.0.2
655 verbose lock gulp-filter@2.0.2 /home/ohm/.npm/d99953db-gulp-filter-2-0-2.lock
656 http 200 https://registry.npmjs.org/del
657 silly registry.get cb [ 200,
657 silly registry.get   { server: 'CouchDB/1.5.0 (Erlang OTP/R16B03)',
657 silly registry.get     etag: '"3DXBRB5W5K21HXCL2VUHX2X7J"',
657 silly registry.get     'content-type': 'application/json',
657 silly registry.get     'cache-control': 'max-age=60',
657 silly registry.get     'content-length': '14068',
657 silly registry.get     'accept-ranges': 'bytes',
657 silly registry.get     date: 'Wed, 12 Aug 2015 18:41:12 GMT',
657 silly registry.get     via: '1.1 varnish',
657 silly registry.get     age: '27',
657 silly registry.get     connection: 'keep-alive',
657 silly registry.get     'x-served-by': 'cache-dfw1827-DFW',
657 silly registry.get     'x-cache': 'HIT',
657 silly registry.get     'x-cache-hits': '1',
657 silly registry.get     'x-timer': 'S1439404872.043242,VS0,VE0',
657 silly registry.get     vary: 'Accept' } ]
658 silly lockFile 3f670762-ulp-filter-gulp-filter-2-0-2-tgz https://registry.npmjs.org/gulp-filter/-/gulp-filter-2.0.2.tgz
659 verbose lock https://registry.npmjs.org/gulp-filter/-/gulp-filter-2.0.2.tgz /home/ohm/.npm/3f670762-ulp-filter-gulp-filter-2-0-2-tgz.lock
660 verbose addRemoteTarball [ 'https://registry.npmjs.org/gulp-filter/-/gulp-filter-2.0.2.tgz',
660 verbose addRemoteTarball   '1ceb1d113ee9942cedd49f5863b42be44bc7cd2c' ]
661 silly lockFile 3f670762-ulp-filter-gulp-filter-2-0-2-tgz https://registry.npmjs.org/gulp-filter/-/gulp-filter-2.0.2.tgz
662 silly lockFile 3f670762-ulp-filter-gulp-filter-2-0-2-tgz https://registry.npmjs.org/gulp-filter/-/gulp-filter-2.0.2.tgz
663 silly addNameRange number 2 { name: 'del', range: '>=1.2.0-0 <1.3.0-0', hasData: true }
664 silly addNameRange versions [ 'del',
664 silly addNameRange   [ '0.1.0',
664 silly addNameRange     '0.1.1',
664 silly addNameRange     '0.1.2',
664 silly addNameRange     '0.1.3',
664 silly addNameRange     '1.0.0',
664 silly addNameRange     '1.1.0',
664 silly addNameRange     '1.1.1',
664 silly addNameRange     '1.2.0' ] ]
665 verbose addNamed [ 'del', '1.2.0' ]
666 verbose addNamed [ '1.2.0', '1.2.0' ]
667 silly lockFile b2a4944d-del-1-2-0 del@1.2.0
668 verbose lock del@1.2.0 /home/ohm/.npm/b2a4944d-del-1-2-0.lock
669 silly lockFile d99953db-gulp-filter-2-0-2 gulp-filter@2.0.2
670 silly lockFile d99953db-gulp-filter-2-0-2 gulp-filter@2.0.2
671 silly lockFile 8e93de94-gulp-filter-2-0-2 gulp-filter@~2.0.2
672 silly lockFile 8e93de94-gulp-filter-2-0-2 gulp-filter@~2.0.2
673 error Error: EACCES, mkdir '/home/ohm/tmp/npm-4885--xhynngF'
673 error  { [Error: EACCES, mkdir '/home/ohm/tmp/npm-4885--xhynngF']
673 error   errno: 3,
673 error   code: 'EACCES',
673 error   path: '/home/ohm/tmp/npm-4885--xhynngF' }
674 error Please try running this command again as root/Administrator.
675 error System Linux 3.13.0-32-generic
676 error command "/usr/bin/nodejs" "/usr/bin/npm" "install"
677 error cwd /home/ohm/Projects/rainbow-angular
678 error node -v v0.10.25
679 error npm -v 1.3.10
680 error path /home/ohm/tmp/npm-4885--xhynngF
681 error code EACCES
682 error errno 3
683 error stack Error: EACCES, mkdir '/home/ohm/tmp/npm-4885--xhynngF'
684 verbose exit [ 3, true ]
